<?xml version="1.0" encoding="UTF-8"?>
<testsuite xmlns:xsi="http://www.w3.org/2001/XMLSchema-instance" xsi:noNamespaceSchemaLocation="https://maven.apache.org/surefire/maven-surefire-plugin/xsd/surefire-test-report.xsd" name="br.com.pucminas.aed3.Aed3ApplicationTests" time="2.023" tests="1" errors="1" skipped="0" failures="0">
  <properties>
[...]
</properties>
  <testcase name="contextLoads" classname="br.com.pucminas.aed3.Aed3ApplicationTests" time="0.001">
    <error type="java.lang.StackOverflowError">java.lang.StackOverflowError
</error>
    <system-out><![CDATA[14:06:57.073 [main] DEBUG org.springframework.test.context.BootstrapUtils - Instantiating CacheAwareContextLoaderDelegate from class [org.springframework.test.context.cache.DefaultCacheAwareContextLoaderDelegate]
14:06:57.085 [main] DEBUG org.springframework.test.context.BootstrapUtils - Instantiating BootstrapContext using constructor [public org.springframework.test.context.support.DefaultBootstrapContext(java.lang.Class,org.springframework.test.context.CacheAwareContextLoaderDelegate)]
14:06:57.135 [main] DEBUG org.springframework.test.context.BootstrapUtils - Instantiating TestContextBootstrapper for test class [br.com.pucminas.aed3.Aed3ApplicationTests] from class [org.springframework.boot.test.context.SpringBootTestContextBootstrapper]
14:06:57.150 [main] INFO org.springframework.boot.test.context.SpringBootTestContextBootstrapper - Neither @ContextConfiguration nor @ContextHierarchy found for test class [br.com.pucminas.aed3.Aed3ApplicationTests], using SpringBootContextLoader
14:06:57.157 [main] DEBUG org.springframework.test.context.support.AbstractContextLoader - Did not detect default resource location for test class [br.com.pucminas.aed3.Aed3ApplicationTests]: class path resource [br/com/pucminas/aed3/Aed3ApplicationTests-context.xml] does not exist
14:06:57.160 [main] DEBUG org.springframework.test.context.support.AbstractContextLoader - Did not detect default resource location for test class [br.com.pucminas.aed3.Aed3ApplicationTests]: class path resource [br/com/pucminas/aed3/Aed3ApplicationTestsContext.groovy] does not exist
14:06:57.161 [main] INFO org.springframework.test.context.support.AbstractContextLoader - Could not detect default resource locations for test class [br.com.pucminas.aed3.Aed3ApplicationTests]: no resource found for suffixes {-context.xml, Context.groovy}.
14:06:57.162 [main] INFO org.springframework.test.context.support.AnnotationConfigContextLoaderUtils - Could not detect default configuration classes for test class [br.com.pucminas.aed3.Aed3ApplicationTests]: Aed3ApplicationTests does not declare any static, non-private, non-final, nested classes annotated with @Configuration.
14:06:57.234 [main] DEBUG org.springframework.test.context.support.ActiveProfilesUtils - Could not find an 'annotation declaring class' for annotation type [org.springframework.test.context.ActiveProfiles] and class [br.com.pucminas.aed3.Aed3ApplicationTests]
14:06:57.308 [main] DEBUG org.springframework.context.annotation.ClassPathScanningCandidateComponentProvider - Identified candidate component class: file [C:\Users\Luan\Documents\dev\projetos\aed3\target\classes\br\com\pucminas\aed3\Aed3Application.class]
14:06:57.310 [main] INFO org.springframework.boot.test.context.SpringBootTestContextBootstrapper - Found @SpringBootConfiguration br.com.pucminas.aed3.Aed3Application for test class br.com.pucminas.aed3.Aed3ApplicationTests
14:06:57.419 [main] DEBUG org.springframework.boot.test.context.SpringBootTestContextBootstrapper - @TestExecutionListeners is not present for class [br.com.pucminas.aed3.Aed3ApplicationTests]: using defaults.
14:06:57.419 [main] INFO org.springframework.boot.test.context.SpringBootTestContextBootstrapper - Loaded default TestExecutionListener class names from location [META-INF/spring.factories]: [org.springframework.boot.test.mock.mockito.MockitoTestExecutionListener, org.springframework.boot.test.mock.mockito.ResetMocksTestExecutionListener, org.springframework.boot.test.autoconfigure.restdocs.RestDocsTestExecutionListener, org.springframework.boot.test.autoconfigure.web.client.MockRestServiceServerResetTestExecutionListener, org.springframework.boot.test.autoconfigure.web.servlet.MockMvcPrintOnlyOnFailureTestExecutionListener, org.springframework.boot.test.autoconfigure.web.servlet.WebDriverTestExecutionListener, org.springframework.boot.test.autoconfigure.webservices.client.MockWebServiceServerTestExecutionListener, org.springframework.test.context.web.ServletTestExecutionListener, org.springframework.test.context.support.DirtiesContextBeforeModesTestExecutionListener, org.springframework.test.context.event.ApplicationEventsTestExecutionListener, org.springframework.test.context.support.DependencyInjectionTestExecutionListener, org.springframework.test.context.support.DirtiesContextTestExecutionListener, org.springframework.test.context.transaction.TransactionalTestExecutionListener, org.springframework.test.context.jdbc.SqlScriptsTestExecutionListener, org.springframework.test.context.event.EventPublishingTestExecutionListener]
14:06:57.433 [main] DEBUG org.springframework.boot.test.context.SpringBootTestContextBootstrapper - Skipping candidate TestExecutionListener [org.springframework.test.context.web.ServletTestExecutionListener] due to a missing dependency. Specify custom listener classes or make the default listener classes and their required dependencies available. Offending class: [javax/servlet/ServletContext]
14:06:57.437 [main] DEBUG org.springframework.boot.test.context.SpringBootTestContextBootstrapper - Skipping candidate TestExecutionListener [org.springframework.test.context.transaction.TransactionalTestExecutionListener] due to a missing dependency. Specify custom listener classes or make the default listener classes and their required dependencies available. Offending class: [org/springframework/transaction/interceptor/TransactionAttributeSource]
14:06:57.437 [main] DEBUG org.springframework.boot.test.context.SpringBootTestContextBootstrapper - Skipping candidate TestExecutionListener [org.springframework.test.context.jdbc.SqlScriptsTestExecutionListener] due to a missing dependency. Specify custom listener classes or make the default listener classes and their required dependencies available. Offending class: [org/springframework/transaction/interceptor/TransactionAttribute]
14:06:57.438 [main] INFO org.springframework.boot.test.context.SpringBootTestContextBootstrapper - Using TestExecutionListeners: [org.springframework.test.context.support.DirtiesContextBeforeModesTestExecutionListener@4983159f, org.springframework.test.context.event.ApplicationEventsTestExecutionListener@44e3a2b2, org.springframework.boot.test.mock.mockito.MockitoTestExecutionListener@101639ae, org.springframework.boot.test.autoconfigure.SpringBootDependencyInjectionTestExecutionListener@4c550889, org.springframework.test.context.support.DirtiesContextTestExecutionListener@1d2bd371, org.springframework.test.context.event.EventPublishingTestExecutionListener@44040454, org.springframework.boot.test.mock.mockito.ResetMocksTestExecutionListener@65fe9e33, org.springframework.boot.test.autoconfigure.restdocs.RestDocsTestExecutionListener@18bc345, org.springframework.boot.test.autoconfigure.web.client.MockRestServiceServerResetTestExecutionListener@42f8285e, org.springframework.boot.test.autoconfigure.web.servlet.MockMvcPrintOnlyOnFailureTestExecutionListener@26bab2f1, org.springframework.boot.test.autoconfigure.web.servlet.WebDriverTestExecutionListener@3724af13, org.springframework.boot.test.autoconfigure.webservices.client.MockWebServiceServerTestExecutionListener@68ead359]
14:06:57.445 [main] DEBUG org.springframework.test.context.support.AbstractDirtiesContextTestExecutionListener - Before test class: context [DefaultTestContext@7966baa7 testClass = Aed3ApplicationTests, testInstance = [null], testMethod = [null], testException = [null], mergedContextConfiguration = [MergedContextConfiguration@60975100 testClass = Aed3ApplicationTests, locations = '{}', classes = '{class br.com.pucminas.aed3.Aed3Application}', contextInitializerClasses = '[]', activeProfiles = '{}', propertySourceLocations = '{}', propertySourceProperties = '{org.springframework.boot.test.context.SpringBootTestContextBootstrapper=true}', contextCustomizers = set[org.springframework.boot.test.context.filter.ExcludeFilterContextCustomizer@2bdd8394, org.springframework.boot.test.json.DuplicateJsonObjectContextCustomizerFactory$DuplicateJsonObjectContextCustomizer@41488b16, org.springframework.boot.test.mock.mockito.MockitoContextCustomizer@0, org.springframework.boot.test.web.client.TestRestTemplateContextCustomizer@3e62d773, org.springframework.boot.test.autoconfigure.actuate.metrics.MetricsExportContextCustomizerFactory$DisableMetricExportContextCustomizer@18ece7f4, org.springframework.boot.test.autoconfigure.properties.PropertyMappingContextCustomizer@0, org.springframework.boot.test.autoconfigure.web.servlet.WebDriverContextCustomizerFactory$Customizer@77659b30, org.springframework.boot.test.context.SpringBootTestArgs@1, org.springframework.boot.test.context.SpringBootTestWebEnvironment@3eb7fc54], contextLoader = 'org.springframework.boot.test.context.SpringBootContextLoader', parent = [null]], attributes = map[[empty]]], class annotated with @DirtiesContext [false] with mode [null].
14:06:57.469 [main] DEBUG org.springframework.test.context.support.DependencyInjectionTestExecutionListener - Performing dependency injection for test context [[DefaultTestContext@7966baa7 testClass = Aed3ApplicationTests, testInstance = br.com.pucminas.aed3.Aed3ApplicationTests@54a67a45, testMethod = [null], testException = [null], mergedContextConfiguration = [MergedContextConfiguration@60975100 testClass = Aed3ApplicationTests, locations = '{}', classes = '{class br.com.pucminas.aed3.Aed3Application}', contextInitializerClasses = '[]', activeProfiles = '{}', propertySourceLocations = '{}', propertySourceProperties = '{org.springframework.boot.test.context.SpringBootTestContextBootstrapper=true}', contextCustomizers = set[org.springframework.boot.test.context.filter.ExcludeFilterContextCustomizer@2bdd8394, org.springframework.boot.test.json.DuplicateJsonObjectContextCustomizerFactory$DuplicateJsonObjectContextCustomizer@41488b16, org.springframework.boot.test.mock.mockito.MockitoContextCustomizer@0, org.springframework.boot.test.web.client.TestRestTemplateContextCustomizer@3e62d773, org.springframework.boot.test.autoconfigure.actuate.metrics.MetricsExportContextCustomizerFactory$DisableMetricExportContextCustomizer@18ece7f4, org.springframework.boot.test.autoconfigure.properties.PropertyMappingContextCustomizer@0, org.springframework.boot.test.autoconfigure.web.servlet.WebDriverContextCustomizerFactory$Customizer@77659b30, org.springframework.boot.test.context.SpringBootTestArgs@1, org.springframework.boot.test.context.SpringBootTestWebEnvironment@3eb7fc54], contextLoader = 'org.springframework.boot.test.context.SpringBootContextLoader', parent = [null]], attributes = map['org.springframework.test.context.event.ApplicationEventsTestExecutionListener.recordApplicationEvents' -> false]]].

  .   ____          _            __ _ _
 /\\ / ___'_ __ _ _(_)_ __  __ _ \ \ \ \
( ( )\___ | '_ | '_| | '_ \/ _` | \ \ \ \
 \\/  ___)| |_)| | | | | || (_| |  ) ) ) )
  '  |____| .__|_| |_|_| |_\__, | / / / /
 =========|_|==============|___/=/_/_/_/
 :: Spring Boot ::               (v2.7.16)

2023-11-12 14:06:57.989  INFO 3156 --- [           main] b.c.pucminas.aed3.Aed3ApplicationTests   : Starting Aed3ApplicationTests using Java 11.0.2 on DESKTOP-DGGCVI6 with PID 3156 (started by Luan in C:\Users\Luan\Documents\dev\projetos\aed3)
2023-11-12 14:06:57.991  INFO 3156 --- [           main] b.c.pucminas.aed3.Aed3ApplicationTests   : The following 1 profile is active: "dev"
2023-11-12 14:06:58.585  INFO 3156 --- [           main] b.c.pucminas.aed3.Aed3ApplicationTests   : Started Aed3ApplicationTests in 1.08 seconds (JVM running for 2.206)
2023-11-12 14:06:58.652  INFO 3156 --- [           main] ConditionEvaluationReportLoggingListener : 

Error starting ApplicationContext. To display the conditions report re-run your application with 'debug' enabled.
2023-11-12 14:06:58.701 ERROR 3156 --- [           main] o.s.boot.SpringApplication               : Application run failed

java.lang.StackOverflowError: null
	at java.base/java.util.regex.Pattern$BmpCharProperty.match(Pattern.java:3950) ~[na:na]
	at java.base/java.util.regex.Pattern$GroupHead.match(Pattern.java:4791) ~[na:na]
	at java.base/java.util.regex.Pattern$Branch.match(Pattern.java:4736) ~[na:na]
	at java.base/java.util.regex.Pattern$Branch.match(Pattern.java:4734) ~[na:na]
	at java.base/java.util.regex.Pattern$BranchConn.match(Pattern.java:4700) ~[na:na]
	at java.base/java.util.regex.Pattern$GroupTail.match(Pattern.java:4850) ~[na:na]
	at java.base/java.util.regex.Pattern$BmpCharPropertyGreedy.match(Pattern.java:4331) ~[na:na]
	at java.base/java.util.regex.Pattern$GroupHead.match(Pattern.java:4791) ~[na:na]
	at java.base/java.util.regex.Pattern$Branch.match(Pattern.java:4736) ~[na:na]
	at java.base/java.util.regex.Pattern$Branch.match(Pattern.java:4734) ~[na:na]
	at java.base/java.util.regex.Pattern$BmpCharProperty.match(Pattern.java:3951) ~[na:na]
	at java.base/java.util.regex.Pattern$Start.match(Pattern.java:3606) ~[na:na]
	at java.base/java.util.regex.Matcher.search(Matcher.java:1729) ~[na:na]
	at java.base/java.util.regex.Matcher.find(Matcher.java:773) ~[na:na]
	at java.base/java.util.Formatter.parse(Formatter.java:2702) ~[na:na]
	at java.base/java.util.Formatter.format(Formatter.java:2655) ~[na:na]
	at java.base/java.util.Formatter.format(Formatter.java:2609) ~[na:na]
	at java.base/java.lang.String.format(String.java:2897) ~[na:na]
	at br.com.pucminas.aed3.view.Screen.clearLine(Screen.java:21) ~[classes/:na]
	at br.com.pucminas.aed3.view.Screen.print(Screen.java:25) ~[classes/:na]
	at br.com.pucminas.aed3.view.Screen.clearLine(Screen.java:21) ~[classes/:na]
	at br.com.pucminas.aed3.view.Screen.print(Screen.java:25) ~[classes/:na]
	at br.com.pucminas.aed3.view.Screen.clearLine(Screen.java:21) ~[classes/:na]
	at br.com.pucminas.aed3.view.Screen.print(Screen.java:25) ~[classes/:na]
	at br.com.pucminas.aed3.view.Screen.clearLine(Screen.java:21) ~[classes/:na]
	at br.com.pucminas.aed3.view.Screen.print(Screen.java:25) ~[classes/:na]
	at br.com.pucminas.aed3.view.Screen.clearLine(Screen.java:21) ~[classes/:na]
	at br.com.pucminas.aed3.view.Screen.print(Screen.java:25) ~[classes/:na]
	at br.com.pucminas.aed3.view.Screen.clearLine(Screen.java:21) ~[classes/:na]
	at br.com.pucminas.aed3.view.Screen.print(Screen.java:25) ~[classes/:na]
	at br.com.pucminas.aed3.view.Screen.clearLine(Screen.java:21) ~[classes/:na]
	at br.com.pucminas.aed3.view.Screen.print(Screen.java:25) ~[classes/:na]
	at br.com.pucminas.aed3.view.Screen.clearLine(Screen.java:21) ~[classes/:na]
	at br.com.pucminas.aed3.view.Screen.print(Screen.java:25) ~[classes/:na]
	at br.com.pucminas.aed3.view.Screen.clearLine(Screen.java:21) ~[classes/:na]
	at br.com.pucminas.aed3.view.Screen.print(Screen.java:25) ~[classes/:na]
	at br.com.pucminas.aed3.view.Screen.clearLine(Screen.java:21) ~[classes/:na]
	at br.com.pucminas.aed3.view.Screen.print(Screen.java:25) ~[classes/:na]
	at br.com.pucminas.aed3.view.Screen.clearLine(Screen.java:21) ~[classes/:na]
	at br.com.pucminas.aed3.view.Screen.print(Screen.java:25) ~[classes/:na]
	at br.com.pucminas.aed3.view.Screen.clearLine(Screen.java:21) ~[classes/:na]
	at br.com.pucminas.aed3.view.Screen.print(Screen.java:25) ~[classes/:na]
	at br.com.pucminas.aed3.view.Screen.clearLine(Screen.java:21) ~[classes/:na]
	at br.com.pucminas.aed3.view.Screen.print(Screen.java:25) ~[classes/:na]
	at br.com.pucminas.aed3.view.Screen.clearLine(Screen.java:21) ~[classes/:na]
	at br.com.pucminas.aed3.view.Screen.print(Screen.java:25) ~[classes/:na]
	at br.com.pucminas.aed3.view.Screen.clearLine(Screen.java:21) ~[classes/:na]
	at br.com.pucminas.aed3.view.Screen.print(Screen.java:25) ~[classes/:na]
	at br.com.pucminas.aed3.view.Screen.clearLine(Screen.java:21) ~[classes/:na]
	at br.com.pucminas.aed3.view.Screen.print(Screen.java:25) ~[classes/:na]
	at br.com.pucminas.aed3.view.Screen.clearLine(Screen.java:21) ~[classes/:na]
	at br.com.pucminas.aed3.view.Screen.print(Screen.java:25) ~[classes/:na]
	at br.com.pucminas.aed3.view.Screen.clearLine(Screen.java:21) ~[classes/:na]
	at br.com.pucminas.aed3.view.Screen.print(Screen.java:25) ~[classes/:na]
	at br.com.pucminas.aed3.view.Screen.clearLine(Screen.java:21) ~[classes/:na]
	at br.com.pucminas.aed3.view.Screen.print(Screen.java:25) ~[classes/:na]
	at br.com.pucminas.aed3.view.Screen.clearLine(Screen.java:21) ~[classes/:na]
	at br.com.pucminas.aed3.view.Screen.print(Screen.java:25) ~[classes/:na]
	at br.com.pucminas.aed3.view.Screen.clearLine(Screen.java:21) ~[classes/:na]
	at br.com.pucminas.aed3.view.Screen.print(Screen.java:25) ~[classes/:na]
	at br.com.pucminas.aed3.view.Screen.clearLine(Screen.java:21) ~[classes/:na]
	at br.com.pucminas.aed3.view.Screen.print(Screen.java:25) ~[classes/:na]
	at br.com.pucminas.aed3.view.Screen.clearLine(Screen.java:21) ~[classes/:na]
	at br.com.pucminas.aed3.view.Screen.print(Screen.java:25) ~[classes/:na]
	at br.com.pucminas.aed3.view.Screen.clearLine(Screen.java:21) ~[classes/:na]
	at br.com.pucminas.aed3.view.Screen.print(Screen.java:25) ~[classes/:na]
	at br.com.pucminas.aed3.view.Screen.clearLine(Screen.java:21) ~[classes/:na]
	at br.com.pucminas.aed3.view.Screen.print(Screen.java:25) ~[classes/:na]
	at br.com.pucminas.aed3.view.Screen.clearLine(Screen.java:21) ~[classes/:na]
	at br.com.pucminas.aed3.view.Screen.print(Screen.java:25) ~[classes/:na]
	at br.com.pucminas.aed3.view.Screen.clearLine(Screen.java:21) ~[classes/:na]
	at br.com.pucminas.aed3.view.Screen.print(Screen.java:25) ~[classes/:na]
	at br.com.pucminas.aed3.view.Screen.clearLine(Screen.java:21) ~[classes/:na]
	at br.com.pucminas.aed3.view.Screen.print(Screen.java:25) ~[classes/:na]
	at br.com.pucminas.aed3.view.Screen.clearLine(Screen.java:21) ~[classes/:na]
	at br.com.pucminas.aed3.view.Screen.print(Screen.java:25) ~[classes/:na]
	at br.com.pucminas.aed3.view.Screen.clearLine(Screen.java:21) ~[classes/:na]
	at br.com.pucminas.aed3.view.Screen.print(Screen.java:25) ~[classes/:na]
	at br.com.pucminas.aed3.view.Screen.clearLine(Screen.java:21) ~[classes/:na]
	at br.com.pucminas.aed3.view.Screen.print(Screen.java:25) ~[classes/:na]
	at br.com.pucminas.aed3.view.Screen.clearLine(Screen.java:21) ~[classes/:na]
	at br.com.pucminas.aed3.view.Screen.print(Screen.java:25) ~[classes/:na]
	at br.com.pucminas.aed3.view.Screen.clearLine(Screen.java:21) ~[classes/:na]
	at br.com.pucminas.aed3.view.Screen.print(Screen.java:25) ~[classes/:na]
	at br.com.pucminas.aed3.view.Screen.clearLine(Screen.java:21) ~[classes/:na]
	at br.com.pucminas.aed3.view.Screen.print(Screen.java:25) ~[classes/:na]
	at br.com.pucminas.aed3.view.Screen.clearLine(Screen.java:21) ~[classes/:na]
	at br.com.pucminas.aed3.view.Screen.print(Screen.java:25) ~[classes/:na]
	at br.com.pucminas.aed3.view.Screen.clearLine(Screen.java:21) ~[classes/:na]
	at br.com.pucminas.aed3.view.Screen.print(Screen.java:25) ~[classes/:na]
	at br.com.pucminas.aed3.view.Screen.clearLine(Screen.java:21) ~[classes/:na]
	at br.com.pucminas.aed3.view.Screen.print(Screen.java:25) ~[classes/:na]
	at br.com.pucminas.aed3.view.Screen.clearLine(Screen.java:21) ~[classes/:na]
	at br.com.pucminas.aed3.view.Screen.print(Screen.java:25) ~[classes/:na]
	at br.com.pucminas.aed3.view.Screen.clearLine(Screen.java:21) ~[classes/:na]
	at br.com.pucminas.aed3.view.Screen.print(Screen.java:25) ~[classes/:na]
	at br.com.pucminas.aed3.view.Screen.clearLine(Screen.java:21) ~[classes/:na]
	at br.com.pucminas.aed3.view.Screen.print(Screen.java:25) ~[classes/:na]
	at br.com.pucminas.aed3.view.Screen.clearLine(Screen.java:21) ~[classes/:na]
	at br.com.pucminas.aed3.view.Screen.print(Screen.java:25) ~[classes/:na]
	at br.com.pucminas.aed3.view.Screen.clearLine(Screen.java:21) ~[classes/:na]
	at br.com.pucminas.aed3.view.Screen.print(Screen.java:25) ~[classes/:na]
	at br.com.pucminas.aed3.view.Screen.clearLine(Screen.java:21) ~[classes/:na]
	at br.com.pucminas.aed3.view.Screen.print(Screen.java:25) ~[classes/:na]
	at br.com.pucminas.aed3.view.Screen.clearLine(Screen.java:21) ~[classes/:na]
	at br.com.pucminas.aed3.view.Screen.print(Screen.java:25) ~[classes/:na]
	at br.com.pucminas.aed3.view.Screen.clearLine(Screen.java:21) ~[classes/:na]
	at br.com.pucminas.aed3.view.Screen.print(Screen.java:25) ~[classes/:na]
	at br.com.pucminas.aed3.view.Screen.clearLine(Screen.java:21) ~[classes/:na]
	at br.com.pucminas.aed3.view.Screen.print(Screen.java:25) ~[classes/:na]
	at br.com.pucminas.aed3.view.Screen.clearLine(Screen.java:21) ~[classes/:na]
	at br.com.pucminas.aed3.view.Screen.print(Screen.java:25) ~[classes/:na]
	at br.com.pucminas.aed3.view.Screen.clearLine(Screen.java:21) ~[classes/:na]
	at br.com.pucminas.aed3.view.Screen.print(Screen.java:25) ~[classes/:na]
	at br.com.pucminas.aed3.view.Screen.clearLine(Screen.java:21) ~[classes/:na]
	at br.com.pucminas.aed3.view.Screen.print(Screen.java:25) ~[classes/:na]
	at br.com.pucminas.aed3.view.Screen.clearLine(Screen.java:21) ~[classes/:na]
	at br.com.pucminas.aed3.view.Screen.print(Screen.java:25) ~[classes/:na]
	at br.com.pucminas.aed3.view.Screen.clearLine(Screen.java:21) ~[classes/:na]
	at br.com.pucminas.aed3.view.Screen.print(Screen.java:25) ~[classes/:na]
	at br.com.pucminas.aed3.view.Screen.clearLine(Screen.java:21) ~[classes/:na]
	at br.com.pucminas.aed3.view.Screen.print(Screen.java:25) ~[classes/:na]
	at br.com.pucminas.aed3.view.Screen.clearLine(Screen.java:21) ~[classes/:na]
	at br.com.pucminas.aed3.view.Screen.print(Screen.java:25) ~[classes/:na]
	at br.com.pucminas.aed3.view.Screen.clearLine(Screen.java:21) ~[classes/:na]
	at br.com.pucminas.aed3.view.Screen.print(Screen.java:25) ~[classes/:na]
	at br.com.pucminas.aed3.view.Screen.clearLine(Screen.java:21) ~[classes/:na]
	at br.com.pucminas.aed3.view.Screen.print(Screen.java:25) ~[classes/:na]
	at br.com.pucminas.aed3.view.Screen.clearLine(Screen.java:21) ~[classes/:na]
	at br.com.pucminas.aed3.view.Screen.print(Screen.java:25) ~[classes/:na]
	at br.com.pucminas.aed3.view.Screen.clearLine(Screen.java:21) ~[classes/:na]
	at br.com.pucminas.aed3.view.Screen.print(Screen.java:25) ~[classes/:na]
	at br.com.pucminas.aed3.view.Screen.clearLine(Screen.java:21) ~[classes/:na]
	at br.com.pucminas.aed3.view.Screen.print(Screen.java:25) ~[classes/:na]
	at br.com.pucminas.aed3.view.Screen.clearLine(Screen.java:21) ~[classes/:na]
	at br.com.pucminas.aed3.view.Screen.print(Screen.java:25) ~[classes/:na]
	at br.com.pucminas.aed3.view.Screen.clearLine(Screen.java:21) ~[classes/:na]
	at br.com.pucminas.aed3.view.Screen.print(Screen.java:25) ~[classes/:na]
	at br.com.pucminas.aed3.view.Screen.clearLine(Screen.java:21) ~[classes/:na]
	at br.com.pucminas.aed3.view.Screen.print(Screen.java:25) ~[classes/:na]
	at br.com.pucminas.aed3.view.Screen.clearLine(Screen.java:21) ~[classes/:na]
	at br.com.pucminas.aed3.view.Screen.print(Screen.java:25) ~[classes/:na]
	at br.com.pucminas.aed3.view.Screen.clearLine(Screen.java:21) ~[classes/:na]
	at br.com.pucminas.aed3.view.Screen.print(Screen.java:25) ~[classes/:na]
	at br.com.pucminas.aed3.view.Screen.clearLine(Screen.java:21) ~[classes/:na]
	at br.com.pucminas.aed3.view.Screen.print(Screen.java:25) ~[classes/:na]
	at br.com.pucminas.aed3.view.Screen.clearLine(Screen.java:21) ~[classes/:na]
	at br.com.pucminas.aed3.view.Screen.print(Screen.java:25) ~[classes/:na]
	at br.com.pucminas.aed3.view.Screen.clearLine(Screen.java:21) ~[classes/:na]
	at br.com.pucminas.aed3.view.Screen.print(Screen.java:25) ~[classes/:na]
	at br.com.pucminas.aed3.view.Screen.clearLine(Screen.java:21) ~[classes/:na]
	at br.com.pucminas.aed3.view.Screen.print(Screen.java:25) ~[classes/:na]
	at br.com.pucminas.aed3.view.Screen.clearLine(Screen.java:21) ~[classes/:na]
	at br.com.pucminas.aed3.view.Screen.print(Screen.java:25) ~[classes/:na]
	at br.com.pucminas.aed3.view.Screen.clearLine(Screen.java:21) ~[classes/:na]
	at br.com.pucminas.aed3.view.Screen.print(Screen.java:25) ~[classes/:na]
	at br.com.pucminas.aed3.view.Screen.clearLine(Screen.java:21) ~[classes/:na]
	at br.com.pucminas.aed3.view.Screen.print(Screen.java:25) ~[classes/:na]
	at br.com.pucminas.aed3.view.Screen.clearLine(Screen.java:21) ~[classes/:na]
	at br.com.pucminas.aed3.view.Screen.print(Screen.java:25) ~[classes/:na]
	at br.com.pucminas.aed3.view.Screen.clearLine(Screen.java:21) ~[classes/:na]
	at br.com.pucminas.aed3.view.Screen.print(Screen.java:25) ~[classes/:na]
	at br.com.pucminas.aed3.view.Screen.clearLine(Screen.java:21) ~[classes/:na]
	at br.com.pucminas.aed3.view.Screen.print(Screen.java:25) ~[classes/:na]
	at br.com.pucminas.aed3.view.Screen.clearLine(Screen.java:21) ~[classes/:na]
	at br.com.pucminas.aed3.view.Screen.print(Screen.java:25) ~[classes/:na]
	at br.com.pucminas.aed3.view.Screen.clearLine(Screen.java:21) ~[classes/:na]
	at br.com.pucminas.aed3.view.Screen.print(Screen.java:25) ~[classes/:na]
	at br.com.pucminas.aed3.view.Screen.clearLine(Screen.java:21) ~[classes/:na]
	at br.com.pucminas.aed3.view.Screen.print(Screen.java:25) ~[classes/:na]
	at br.com.pucminas.aed3.view.Screen.clearLine(Screen.java:21) ~[classes/:na]
	at br.com.pucminas.aed3.view.Screen.print(Screen.java:25) ~[classes/:na]
	at br.com.pucminas.aed3.view.Screen.clearLine(Screen.java:21) ~[classes/:na]
	at br.com.pucminas.aed3.view.Screen.print(Screen.java:25) ~[classes/:na]
	at br.com.pucminas.aed3.view.Screen.clearLine(Screen.java:21) ~[classes/:na]
	at br.com.pucminas.aed3.view.Screen.print(Screen.java:25) ~[classes/:na]
	at br.com.pucminas.aed3.view.Screen.clearLine(Screen.java:21) ~[classes/:na]
	at br.com.pucminas.aed3.view.Screen.print(Screen.java:25) ~[classes/:na]
	at br.com.pucminas.aed3.view.Screen.clearLine(Screen.java:21) ~[classes/:na]
	at br.com.pucminas.aed3.view.Screen.print(Screen.java:25) ~[classes/:na]
	at br.com.pucminas.aed3.view.Screen.clearLine(Screen.java:21) ~[classes/:na]
	at br.com.pucminas.aed3.view.Screen.print(Screen.java:25) ~[classes/:na]
	at br.com.pucminas.aed3.view.Screen.clearLine(Screen.java:21) ~[classes/:na]
	at br.com.pucminas.aed3.view.Screen.print(Screen.java:25) ~[classes/:na]
	at br.com.pucminas.aed3.view.Screen.clearLine(Screen.java:21) ~[classes/:na]
	at br.com.pucminas.aed3.view.Screen.print(Screen.java:25) ~[classes/:na]
	at br.com.pucminas.aed3.view.Screen.clearLine(Screen.java:21) ~[classes/:na]
	at br.com.pucminas.aed3.view.Screen.print(Screen.java:25) ~[classes/:na]
	at br.com.pucminas.aed3.view.Screen.clearLine(Screen.java:21) ~[classes/:na]
	at br.com.pucminas.aed3.view.Screen.print(Screen.java:25) ~[classes/:na]
	at br.com.pucminas.aed3.view.Screen.clearLine(Screen.java:21) ~[classes/:na]
	at br.com.pucminas.aed3.view.Screen.print(Screen.java:25) ~[classes/:na]
	at br.com.pucminas.aed3.view.Screen.clearLine(Screen.java:21) ~[classes/:na]
	at br.com.pucminas.aed3.view.Screen.print(Screen.java:25) ~[classes/:na]
	at br.com.pucminas.aed3.view.Screen.clearLine(Screen.java:21) ~[classes/:na]
	at br.com.pucminas.aed3.view.Screen.print(Screen.java:25) ~[classes/:na]
	at br.com.pucminas.aed3.view.Screen.clearLine(Screen.java:21) ~[classes/:na]
	at br.com.pucminas.aed3.view.Screen.print(Screen.java:25) ~[classes/:na]
	at br.com.pucminas.aed3.view.Screen.clearLine(Screen.java:21) ~[classes/:na]
	at br.com.pucminas.aed3.view.Screen.print(Screen.java:25) ~[classes/:na]
	at br.com.pucminas.aed3.view.Screen.clearLine(Screen.java:21) ~[classes/:na]
	at br.com.pucminas.aed3.view.Screen.print(Screen.java:25) ~[classes/:na]
	at br.com.pucminas.aed3.view.Screen.clearLine(Screen.java:21) ~[classes/:na]
	at br.com.pucminas.aed3.view.Screen.print(Screen.java:25) ~[classes/:na]
	at br.com.pucminas.aed3.view.Screen.clearLine(Screen.java:21) ~[classes/:na]
	at br.com.pucminas.aed3.view.Screen.print(Screen.java:25) ~[classes/:na]
	at br.com.pucminas.aed3.view.Screen.clearLine(Screen.java:21) ~[classes/:na]
	at br.com.pucminas.aed3.view.Screen.print(Screen.java:25) ~[classes/:na]
	at br.com.pucminas.aed3.view.Screen.clearLine(Screen.java:21) ~[classes/:na]
	at br.com.pucminas.aed3.view.Screen.print(Screen.java:25) ~[classes/:na]
	at br.com.pucminas.aed3.view.Screen.clearLine(Screen.java:21) ~[classes/:na]
	at br.com.pucminas.aed3.view.Screen.print(Screen.java:25) ~[classes/:na]
	at br.com.pucminas.aed3.view.Screen.clearLine(Screen.java:21) ~[classes/:na]
	at br.com.pucminas.aed3.view.Screen.print(Screen.java:25) ~[classes/:na]
	at br.com.pucminas.aed3.view.Screen.clearLine(Screen.java:21) ~[classes/:na]
	at br.com.pucminas.aed3.view.Screen.print(Screen.java:25) ~[classes/:na]
	at br.com.pucminas.aed3.view.Screen.clearLine(Screen.java:21) ~[classes/:na]
	at br.com.pucminas.aed3.view.Screen.print(Screen.java:25) ~[classes/:na]
	at br.com.pucminas.aed3.view.Screen.clearLine(Screen.java:21) ~[classes/:na]
	at br.com.pucminas.aed3.view.Screen.print(Screen.java:25) ~[classes/:na]
	at br.com.pucminas.aed3.view.Screen.clearLine(Screen.java:21) ~[classes/:na]
	at br.com.pucminas.aed3.view.Screen.print(Screen.java:25) ~[classes/:na]
	at br.com.pucminas.aed3.view.Screen.clearLine(Screen.java:21) ~[classes/:na]
	at br.com.pucminas.aed3.view.Screen.print(Screen.java:25) ~[classes/:na]
	at br.com.pucminas.aed3.view.Screen.clearLine(Screen.java:21) ~[classes/:na]
	at br.com.pucminas.aed3.view.Screen.print(Screen.java:25) ~[classes/:na]
	at br.com.pucminas.aed3.view.Screen.clearLine(Screen.java:21) ~[classes/:na]
	at br.com.pucminas.aed3.view.Screen.print(Screen.java:25) ~[classes/:na]
	at br.com.pucminas.aed3.view.Screen.clearLine(Screen.java:21) ~[classes/:na]
	at br.com.pucminas.aed3.view.Screen.print(Screen.java:25) ~[classes/:na]
	at br.com.pucminas.aed3.view.Screen.clearLine(Screen.java:21) ~[classes/:na]
	at br.com.pucminas.aed3.view.Screen.print(Screen.java:25) ~[classes/:na]
	at br.com.pucminas.aed3.view.Screen.clearLine(Screen.java:21) ~[classes/:na]
	at br.com.pucminas.aed3.view.Screen.print(Screen.java:25) ~[classes/:na]
	at br.com.pucminas.aed3.view.Screen.clearLine(Screen.java:21) ~[classes/:na]
	at br.com.pucminas.aed3.view.Screen.print(Screen.java:25) ~[classes/:na]
	at br.com.pucminas.aed3.view.Screen.clearLine(Screen.java:21) ~[classes/:na]
	at br.com.pucminas.aed3.view.Screen.print(Screen.java:25) ~[classes/:na]
	at br.com.pucminas.aed3.view.Screen.clearLine(Screen.java:21) ~[classes/:na]
	at br.com.pucminas.aed3.view.Screen.print(Screen.java:25) ~[classes/:na]
	at br.com.pucminas.aed3.view.Screen.clearLine(Screen.java:21) ~[classes/:na]
	at br.com.pucminas.aed3.view.Screen.print(Screen.java:25) ~[classes/:na]
	at br.com.pucminas.aed3.view.Screen.clearLine(Screen.java:21) ~[classes/:na]
	at br.com.pucminas.aed3.view.Screen.print(Screen.java:25) ~[classes/:na]
	at br.com.pucminas.aed3.view.Screen.clearLine(Screen.java:21) ~[classes/:na]
	at br.com.pucminas.aed3.view.Screen.print(Screen.java:25) ~[classes/:na]
	at br.com.pucminas.aed3.view.Screen.clearLine(Screen.java:21) ~[classes/:na]
	at br.com.pucminas.aed3.view.Screen.print(Screen.java:25) ~[classes/:na]
	at br.com.pucminas.aed3.view.Screen.clearLine(Screen.java:21) ~[classes/:na]
	at br.com.pucminas.aed3.view.Screen.print(Screen.java:25) ~[classes/:na]
	at br.com.pucminas.aed3.view.Screen.clearLine(Screen.java:21) ~[classes/:na]
	at br.com.pucminas.aed3.view.Screen.print(Screen.java:25) ~[classes/:na]
	at br.com.pucminas.aed3.view.Screen.clearLine(Screen.java:21) ~[classes/:na]
	at br.com.pucminas.aed3.view.Screen.print(Screen.java:25) ~[classes/:na]
	at br.com.pucminas.aed3.view.Screen.clearLine(Screen.java:21) ~[classes/:na]
	at br.com.pucminas.aed3.view.Screen.print(Screen.java:25) ~[classes/:na]
	at br.com.pucminas.aed3.view.Screen.clearLine(Screen.java:21) ~[classes/:na]
	at br.com.pucminas.aed3.view.Screen.print(Screen.java:25) ~[classes/:na]
	at br.com.pucminas.aed3.view.Screen.clearLine(Screen.java:21) ~[classes/:na]
	at br.com.pucminas.aed3.view.Screen.print(Screen.java:25) ~[classes/:na]
	at br.com.pucminas.aed3.view.Screen.clearLine(Screen.java:21) ~[classes/:na]
	at br.com.pucminas.aed3.view.Screen.print(Screen.java:25) ~[classes/:na]
	at br.com.pucminas.aed3.view.Screen.clearLine(Screen.java:21) ~[classes/:na]
	at br.com.pucminas.aed3.view.Screen.print(Screen.java:25) ~[classes/:na]
	at br.com.pucminas.aed3.view.Screen.clearLine(Screen.java:21) ~[classes/:na]
	at br.com.pucminas.aed3.view.Screen.print(Screen.java:25) ~[classes/:na]
	at br.com.pucminas.aed3.view.Screen.clearLine(Screen.java:21) ~[classes/:na]
	at br.com.pucminas.aed3.view.Screen.print(Screen.java:25) ~[classes/:na]
	at br.com.pucminas.aed3.view.Screen.clearLine(Screen.java:21) ~[classes/:na]
	at br.com.pucminas.aed3.view.Screen.print(Screen.java:25) ~[classes/:na]
	at br.com.pucminas.aed3.view.Screen.clearLine(Screen.java:21) ~[classes/:na]
	at br.com.pucminas.aed3.view.Screen.print(Screen.java:25) ~[classes/:na]
	at br.com.pucminas.aed3.view.Screen.clearLine(Screen.java:21) ~[classes/:na]
	at br.com.pucminas.aed3.view.Screen.print(Screen.java:25) ~[classes/:na]
	at br.com.pucminas.aed3.view.Screen.clearLine(Screen.java:21) ~[classes/:na]
	at br.com.pucminas.aed3.view.Screen.print(Screen.java:25) ~[classes/:na]
	at br.com.pucminas.aed3.view.Screen.clearLine(Screen.java:21) ~[classes/:na]
	at br.com.pucminas.aed3.view.Screen.print(Screen.java:25) ~[classes/:na]
	at br.com.pucminas.aed3.view.Screen.clearLine(Screen.java:21) ~[classes/:na]
	at br.com.pucminas.aed3.view.Screen.print(Screen.java:25) ~[classes/:na]
	at br.com.pucminas.aed3.view.Screen.clearLine(Screen.java:21) ~[classes/:na]
	at br.com.pucminas.aed3.view.Screen.print(Screen.java:25) ~[classes/:na]
	at br.com.pucminas.aed3.view.Screen.clearLine(Screen.java:21) ~[classes/:na]
	at br.com.pucminas.aed3.view.Screen.print(Screen.java:25) ~[classes/:na]
	at br.com.pucminas.aed3.view.Screen.clearLine(Screen.java:21) ~[classes/:na]
	at br.com.pucminas.aed3.view.Screen.print(Screen.java:25) ~[classes/:na]
	at br.com.pucminas.aed3.view.Screen.clearLine(Screen.java:21) ~[classes/:na]
	at br.com.pucminas.aed3.view.Screen.print(Screen.java:25) ~[classes/:na]
	at br.com.pucminas.aed3.view.Screen.clearLine(Screen.java:21) ~[classes/:na]
	at br.com.pucminas.aed3.view.Screen.print(Screen.java:25) ~[classes/:na]
	at br.com.pucminas.aed3.view.Screen.clearLine(Screen.java:21) ~[classes/:na]
	at br.com.pucminas.aed3.view.Screen.print(Screen.java:25) ~[classes/:na]
	at br.com.pucminas.aed3.view.Screen.clearLine(Screen.java:21) ~[classes/:na]
	at br.com.pucminas.aed3.view.Screen.print(Screen.java:25) ~[classes/:na]
	at br.com.pucminas.aed3.view.Screen.clearLine(Screen.java:21) ~[classes/:na]
	at br.com.pucminas.aed3.view.Screen.print(Screen.java:25) ~[classes/:na]
	at br.com.pucminas.aed3.view.Screen.clearLine(Screen.java:21) ~[classes/:na]
	at br.com.pucminas.aed3.view.Screen.print(Screen.java:25) ~[classes/:na]
	at br.com.pucminas.aed3.view.Screen.clearLine(Screen.java:21) ~[classes/:na]
	at br.com.pucminas.aed3.view.Screen.print(Screen.java:25) ~[classes/:na]
	at br.com.pucminas.aed3.view.Screen.clearLine(Screen.java:21) ~[classes/:na]
	at br.com.pucminas.aed3.view.Screen.print(Screen.java:25) ~[classes/:na]
	at br.com.pucminas.aed3.view.Screen.clearLine(Screen.java:21) ~[classes/:na]
	at br.com.pucminas.aed3.view.Screen.print(Screen.java:25) ~[classes/:na]
	at br.com.pucminas.aed3.view.Screen.clearLine(Screen.java:21) ~[classes/:na]
	at br.com.pucminas.aed3.view.Screen.print(Screen.java:25) ~[classes/:na]
	at br.com.pucminas.aed3.view.Screen.clearLine(Screen.java:21) ~[classes/:na]
	at br.com.pucminas.aed3.view.Screen.print(Screen.java:25) ~[classes/:na]
	at br.com.pucminas.aed3.view.Screen.clearLine(Screen.java:21) ~[classes/:na]
	at br.com.pucminas.aed3.view.Screen.print(Screen.java:25) ~[classes/:na]
	at br.com.pucminas.aed3.view.Screen.clearLine(Screen.java:21) ~[classes/:na]
	at br.com.pucminas.aed3.view.Screen.print(Screen.java:25) ~[classes/:na]
	at br.com.pucminas.aed3.view.Screen.clearLine(Screen.java:21) ~[classes/:na]
	at br.com.pucminas.aed3.view.Screen.print(Screen.java:25) ~[classes/:na]
	at br.com.pucminas.aed3.view.Screen.clearLine(Screen.java:21) ~[classes/:na]
	at br.com.pucminas.aed3.view.Screen.print(Screen.java:25) ~[classes/:na]
	at br.com.pucminas.aed3.view.Screen.clearLine(Screen.java:21) ~[classes/:na]
	at br.com.pucminas.aed3.view.Screen.print(Screen.java:25) ~[classes/:na]
	at br.com.pucminas.aed3.view.Screen.clearLine(Screen.java:21) ~[classes/:na]
	at br.com.pucminas.aed3.view.Screen.print(Screen.java:25) ~[classes/:na]
	at br.com.pucminas.aed3.view.Screen.clearLine(Screen.java:21) ~[classes/:na]
	at br.com.pucminas.aed3.view.Screen.print(Screen.java:25) ~[classes/:na]
	at br.com.pucminas.aed3.view.Screen.clearLine(Screen.java:21) ~[classes/:na]
	at br.com.pucminas.aed3.view.Screen.print(Screen.java:25) ~[classes/:na]
	at br.com.pucminas.aed3.view.Screen.clearLine(Screen.java:21) ~[classes/:na]
	at br.com.pucminas.aed3.view.Screen.print(Screen.java:25) ~[classes/:na]
	at br.com.pucminas.aed3.view.Screen.clearLine(Screen.java:21) ~[classes/:na]
	at br.com.pucminas.aed3.view.Screen.print(Screen.java:25) ~[classes/:na]
	at br.com.pucminas.aed3.view.Screen.clearLine(Screen.java:21) ~[classes/:na]
	at br.com.pucminas.aed3.view.Screen.print(Screen.java:25) ~[classes/:na]
	at br.com.pucminas.aed3.view.Screen.clearLine(Screen.java:21) ~[classes/:na]
	at br.com.pucminas.aed3.view.Screen.print(Screen.java:25) ~[classes/:na]
	at br.com.pucminas.aed3.view.Screen.clearLine(Screen.java:21) ~[classes/:na]
	at br.com.pucminas.aed3.view.Screen.print(Screen.java:25) ~[classes/:na]
	at br.com.pucminas.aed3.view.Screen.clearLine(Screen.java:21) ~[classes/:na]
	at br.com.pucminas.aed3.view.Screen.print(Screen.java:25) ~[classes/:na]
	at br.com.pucminas.aed3.view.Screen.clearLine(Screen.java:21) ~[classes/:na]
	at br.com.pucminas.aed3.view.Screen.print(Screen.java:25) ~[classes/:na]
	at br.com.pucminas.aed3.view.Screen.clearLine(Screen.java:21) ~[classes/:na]
	at br.com.pucminas.aed3.view.Screen.print(Screen.java:25) ~[classes/:na]
	at br.com.pucminas.aed3.view.Screen.clearLine(Screen.java:21) ~[classes/:na]
	at br.com.pucminas.aed3.view.Screen.print(Screen.java:25) ~[classes/:na]
	at br.com.pucminas.aed3.view.Screen.clearLine(Screen.java:21) ~[classes/:na]
	at br.com.pucminas.aed3.view.Screen.print(Screen.java:25) ~[classes/:na]
	at br.com.pucminas.aed3.view.Screen.clearLine(Screen.java:21) ~[classes/:na]
	at br.com.pucminas.aed3.view.Screen.print(Screen.java:25) ~[classes/:na]
	at br.com.pucminas.aed3.view.Screen.clearLine(Screen.java:21) ~[classes/:na]
	at br.com.pucminas.aed3.view.Screen.print(Screen.java:25) ~[classes/:na]
	at br.com.pucminas.aed3.view.Screen.clearLine(Screen.java:21) ~[classes/:na]
	at br.com.pucminas.aed3.view.Screen.print(Screen.java:25) ~[classes/:na]
	at br.com.pucminas.aed3.view.Screen.clearLine(Screen.java:21) ~[classes/:na]
	at br.com.pucminas.aed3.view.Screen.print(Screen.java:25) ~[classes/:na]
	at br.com.pucminas.aed3.view.Screen.clearLine(Screen.java:21) ~[classes/:na]
	at br.com.pucminas.aed3.view.Screen.print(Screen.java:25) ~[classes/:na]
	at br.com.pucminas.aed3.view.Screen.clearLine(Screen.java:21) ~[classes/:na]
	at br.com.pucminas.aed3.view.Screen.print(Screen.java:25) ~[classes/:na]
	at br.com.pucminas.aed3.view.Screen.clearLine(Screen.java:21) ~[classes/:na]
	at br.com.pucminas.aed3.view.Screen.print(Screen.java:25) ~[classes/:na]
	at br.com.pucminas.aed3.view.Screen.clearLine(Screen.java:21) ~[classes/:na]
	at br.com.pucminas.aed3.view.Screen.print(Screen.java:25) ~[classes/:na]
	at br.com.pucminas.aed3.view.Screen.clearLine(Screen.java:21) ~[classes/:na]
	at br.com.pucminas.aed3.view.Screen.print(Screen.java:25) ~[classes/:na]
	at br.com.pucminas.aed3.view.Screen.clearLine(Screen.java:21) ~[classes/:na]
	at br.com.pucminas.aed3.view.Screen.print(Screen.java:25) ~[classes/:na]
	at br.com.pucminas.aed3.view.Screen.clearLine(Screen.java:21) ~[classes/:na]
	at br.com.pucminas.aed3.view.Screen.print(Screen.java:25) ~[classes/:na]
	at br.com.pucminas.aed3.view.Screen.clearLine(Screen.java:21) ~[classes/:na]
	at br.com.pucminas.aed3.view.Screen.print(Screen.java:25) ~[classes/:na]
	at br.com.pucminas.aed3.view.Screen.clearLine(Screen.java:21) ~[classes/:na]
	at br.com.pucminas.aed3.view.Screen.print(Screen.java:25) ~[classes/:na]
	at br.com.pucminas.aed3.view.Screen.clearLine(Screen.java:21) ~[classes/:na]
	at br.com.pucminas.aed3.view.Screen.print(Screen.java:25) ~[classes/:na]
	at br.com.pucminas.aed3.view.Screen.clearLine(Screen.java:21) ~[classes/:na]
	at br.com.pucminas.aed3.view.Screen.print(Screen.java:25) ~[classes/:na]
	at br.com.pucminas.aed3.view.Screen.clearLine(Screen.java:21) ~[classes/:na]
	at br.com.pucminas.aed3.view.Screen.print(Screen.java:25) ~[classes/:na]
	at br.com.pucminas.aed3.view.Screen.clearLine(Screen.java:21) ~[classes/:na]
	at br.com.pucminas.aed3.view.Screen.print(Screen.java:25) ~[classes/:na]
	at br.com.pucminas.aed3.view.Screen.clearLine(Screen.java:21) ~[classes/:na]
	at br.com.pucminas.aed3.view.Screen.print(Screen.java:25) ~[classes/:na]
	at br.com.pucminas.aed3.view.Screen.clearLine(Screen.java:21) ~[classes/:na]
	at br.com.pucminas.aed3.view.Screen.print(Screen.java:25) ~[classes/:na]
	at br.com.pucminas.aed3.view.Screen.clearLine(Screen.java:21) ~[classes/:na]
	at br.com.pucminas.aed3.view.Screen.print(Screen.java:25) ~[classes/:na]
	at br.com.pucminas.aed3.view.Screen.clearLine(Screen.java:21) ~[classes/:na]
	at br.com.pucminas.aed3.view.Screen.print(Screen.java:25) ~[classes/:na]
	at br.com.pucminas.aed3.view.Screen.clearLine(Screen.java:21) ~[classes/:na]
	at br.com.pucminas.aed3.view.Screen.print(Screen.java:25) ~[classes/:na]
	at br.com.pucminas.aed3.view.Screen.clearLine(Screen.java:21) ~[classes/:na]
	at br.com.pucminas.aed3.view.Screen.print(Screen.java:25) ~[classes/:na]
	at br.com.pucminas.aed3.view.Screen.clearLine(Screen.java:21) ~[classes/:na]
	at br.com.pucminas.aed3.view.Screen.print(Screen.java:25) ~[classes/:na]
	at br.com.pucminas.aed3.view.Screen.clearLine(Screen.java:21) ~[classes/:na]
	at br.com.pucminas.aed3.view.Screen.print(Screen.java:25) ~[classes/:na]
	at br.com.pucminas.aed3.view.Screen.clearLine(Screen.java:21) ~[classes/:na]
	at br.com.pucminas.aed3.view.Screen.print(Screen.java:25) ~[classes/:na]
	at br.com.pucminas.aed3.view.Screen.clearLine(Screen.java:21) ~[classes/:na]
	at br.com.pucminas.aed3.view.Screen.print(Screen.java:25) ~[classes/:na]
	at br.com.pucminas.aed3.view.Screen.clearLine(Screen.java:21) ~[classes/:na]
	at br.com.pucminas.aed3.view.Screen.print(Screen.java:25) ~[classes/:na]
	at br.com.pucminas.aed3.view.Screen.clearLine(Screen.java:21) ~[classes/:na]
	at br.com.pucminas.aed3.view.Screen.print(Screen.java:25) ~[classes/:na]
	at br.com.pucminas.aed3.view.Screen.clearLine(Screen.java:21) ~[classes/:na]
	at br.com.pucminas.aed3.view.Screen.print(Screen.java:25) ~[classes/:na]
	at br.com.pucminas.aed3.view.Screen.clearLine(Screen.java:21) ~[classes/:na]
	at br.com.pucminas.aed3.view.Screen.print(Screen.java:25) ~[classes/:na]
	at br.com.pucminas.aed3.view.Screen.clearLine(Screen.java:21) ~[classes/:na]
	at br.com.pucminas.aed3.view.Screen.print(Screen.java:25) ~[classes/:na]
	at br.com.pucminas.aed3.view.Screen.clearLine(Screen.java:21) ~[classes/:na]
	at br.com.pucminas.aed3.view.Screen.print(Screen.java:25) ~[classes/:na]
	at br.com.pucminas.aed3.view.Screen.clearLine(Screen.java:21) ~[classes/:na]
	at br.com.pucminas.aed3.view.Screen.print(Screen.java:25) ~[classes/:na]
	at br.com.pucminas.aed3.view.Screen.clearLine(Screen.java:21) ~[classes/:na]
	at br.com.pucminas.aed3.view.Screen.print(Screen.java:25) ~[classes/:na]
	at br.com.pucminas.aed3.view.Screen.clearLine(Screen.java:21) ~[classes/:na]
	at br.com.pucminas.aed3.view.Screen.print(Screen.java:25) ~[classes/:na]
	at br.com.pucminas.aed3.view.Screen.clearLine(Screen.java:21) ~[classes/:na]
	at br.com.pucminas.aed3.view.Screen.print(Screen.java:25) ~[classes/:na]
	at br.com.pucminas.aed3.view.Screen.clearLine(Screen.java:21) ~[classes/:na]
	at br.com.pucminas.aed3.view.Screen.print(Screen.java:25) ~[classes/:na]
	at br.com.pucminas.aed3.view.Screen.clearLine(Screen.java:21) ~[classes/:na]
	at br.com.pucminas.aed3.view.Screen.print(Screen.java:25) ~[classes/:na]
	at br.com.pucminas.aed3.view.Screen.clearLine(Screen.java:21) ~[classes/:na]
	at br.com.pucminas.aed3.view.Screen.print(Screen.java:25) ~[classes/:na]
	at br.com.pucminas.aed3.view.Screen.clearLine(Screen.java:21) ~[classes/:na]
	at br.com.pucminas.aed3.view.Screen.print(Screen.java:25) ~[classes/:na]
	at br.com.pucminas.aed3.view.Screen.clearLine(Screen.java:21) ~[classes/:na]
	at br.com.pucminas.aed3.view.Screen.print(Screen.java:25) ~[classes/:na]
	at br.com.pucminas.aed3.view.Screen.clearLine(Screen.java:21) ~[classes/:na]
	at br.com.pucminas.aed3.view.Screen.print(Screen.java:25) ~[classes/:na]
	at br.com.pucminas.aed3.view.Screen.clearLine(Screen.java:21) ~[classes/:na]
	at br.com.pucminas.aed3.view.Screen.print(Screen.java:25) ~[classes/:na]
	at br.com.pucminas.aed3.view.Screen.clearLine(Screen.java:21) ~[classes/:na]
	at br.com.pucminas.aed3.view.Screen.print(Screen.java:25) ~[classes/:na]
	at br.com.pucminas.aed3.view.Screen.clearLine(Screen.java:21) ~[classes/:na]
	at br.com.pucminas.aed3.view.Screen.print(Screen.java:25) ~[classes/:na]
	at br.com.pucminas.aed3.view.Screen.clearLine(Screen.java:21) ~[classes/:na]
	at br.com.pucminas.aed3.view.Screen.print(Screen.java:25) ~[classes/:na]
	at br.com.pucminas.aed3.view.Screen.clearLine(Screen.java:21) ~[classes/:na]
	at br.com.pucminas.aed3.view.Screen.print(Screen.java:25) ~[classes/:na]
	at br.com.pucminas.aed3.view.Screen.clearLine(Screen.java:21) ~[classes/:na]
	at br.com.pucminas.aed3.view.Screen.print(Screen.java:25) ~[classes/:na]
	at br.com.pucminas.aed3.view.Screen.clearLine(Screen.java:21) ~[classes/:na]
	at br.com.pucminas.aed3.view.Screen.print(Screen.java:25) ~[classes/:na]
	at br.com.pucminas.aed3.view.Screen.clearLine(Screen.java:21) ~[classes/:na]
	at br.com.pucminas.aed3.view.Screen.print(Screen.java:25) ~[classes/:na]
	at br.com.pucminas.aed3.view.Screen.clearLine(Screen.java:21) ~[classes/:na]
	at br.com.pucminas.aed3.view.Screen.print(Screen.java:25) ~[classes/:na]
	at br.com.pucminas.aed3.view.Screen.clearLine(Screen.java:21) ~[classes/:na]
	at br.com.pucminas.aed3.view.Screen.print(Screen.java:25) ~[classes/:na]
	at br.com.pucminas.aed3.view.Screen.clearLine(Screen.java:21) ~[classes/:na]
	at br.com.pucminas.aed3.view.Screen.print(Screen.java:25) ~[classes/:na]
	at br.com.pucminas.aed3.view.Screen.clearLine(Screen.java:21) ~[classes/:na]
	at br.com.pucminas.aed3.view.Screen.print(Screen.java:25) ~[classes/:na]
	at br.com.pucminas.aed3.view.Screen.clearLine(Screen.java:21) ~[classes/:na]
	at br.com.pucminas.aed3.view.Screen.print(Screen.java:25) ~[classes/:na]
	at br.com.pucminas.aed3.view.Screen.clearLine(Screen.java:21) ~[classes/:na]
	at br.com.pucminas.aed3.view.Screen.print(Screen.java:25) ~[classes/:na]
	at br.com.pucminas.aed3.view.Screen.clearLine(Screen.java:21) ~[classes/:na]
	at br.com.pucminas.aed3.view.Screen.print(Screen.java:25) ~[classes/:na]
	at br.com.pucminas.aed3.view.Screen.clearLine(Screen.java:21) ~[classes/:na]
	at br.com.pucminas.aed3.view.Screen.print(Screen.java:25) ~[classes/:na]
	at br.com.pucminas.aed3.view.Screen.clearLine(Screen.java:21) ~[classes/:na]
	at br.com.pucminas.aed3.view.Screen.print(Screen.java:25) ~[classes/:na]
	at br.com.pucminas.aed3.view.Screen.clearLine(Screen.java:21) ~[classes/:na]
	at br.com.pucminas.aed3.view.Screen.print(Screen.java:25) ~[classes/:na]
	at br.com.pucminas.aed3.view.Screen.clearLine(Screen.java:21) ~[classes/:na]
	at br.com.pucminas.aed3.view.Screen.print(Screen.java:25) ~[classes/:na]
	at br.com.pucminas.aed3.view.Screen.clearLine(Screen.java:21) ~[classes/:na]
	at br.com.pucminas.aed3.view.Screen.print(Screen.java:25) ~[classes/:na]
	at br.com.pucminas.aed3.view.Screen.clearLine(Screen.java:21) ~[classes/:na]
	at br.com.pucminas.aed3.view.Screen.print(Screen.java:25) ~[classes/:na]
	at br.com.pucminas.aed3.view.Screen.clearLine(Screen.java:21) ~[classes/:na]
	at br.com.pucminas.aed3.view.Screen.print(Screen.java:25) ~[classes/:na]
	at br.com.pucminas.aed3.view.Screen.clearLine(Screen.java:21) ~[classes/:na]
	at br.com.pucminas.aed3.view.Screen.print(Screen.java:25) ~[classes/:na]
	at br.com.pucminas.aed3.view.Screen.clearLine(Screen.java:21) ~[classes/:na]
	at br.com.pucminas.aed3.view.Screen.print(Screen.java:25) ~[classes/:na]
	at br.com.pucminas.aed3.view.Screen.clearLine(Screen.java:21) ~[classes/:na]
	at br.com.pucminas.aed3.view.Screen.print(Screen.java:25) ~[classes/:na]
	at br.com.pucminas.aed3.view.Screen.clearLine(Screen.java:21) ~[classes/:na]
	at br.com.pucminas.aed3.view.Screen.print(Screen.java:25) ~[classes/:na]
	at br.com.pucminas.aed3.view.Screen.clearLine(Screen.java:21) ~[classes/:na]
	at br.com.pucminas.aed3.view.Screen.print(Screen.java:25) ~[classes/:na]
	at br.com.pucminas.aed3.view.Screen.clearLine(Screen.java:21) ~[classes/:na]
	at br.com.pucminas.aed3.view.Screen.print(Screen.java:25) ~[classes/:na]
	at br.com.pucminas.aed3.view.Screen.clearLine(Screen.java:21) ~[classes/:na]
	at br.com.pucminas.aed3.view.Screen.print(Screen.java:25) ~[classes/:na]
	at br.com.pucminas.aed3.view.Screen.clearLine(Screen.java:21) ~[classes/:na]
	at br.com.pucminas.aed3.view.Screen.print(Screen.java:25) ~[classes/:na]
	at br.com.pucminas.aed3.view.Screen.clearLine(Screen.java:21) ~[classes/:na]
	at br.com.pucminas.aed3.view.Screen.print(Screen.java:25) ~[classes/:na]
	at br.com.pucminas.aed3.view.Screen.clearLine(Screen.java:21) ~[classes/:na]
	at br.com.pucminas.aed3.view.Screen.print(Screen.java:25) ~[classes/:na]
	at br.com.pucminas.aed3.view.Screen.clearLine(Screen.java:21) ~[classes/:na]
	at br.com.pucminas.aed3.view.Screen.print(Screen.java:25) ~[classes/:na]
	at br.com.pucminas.aed3.view.Screen.clearLine(Screen.java:21) ~[classes/:na]
	at br.com.pucminas.aed3.view.Screen.print(Screen.java:25) ~[classes/:na]
	at br.com.pucminas.aed3.view.Screen.clearLine(Screen.java:21) ~[classes/:na]
	at br.com.pucminas.aed3.view.Screen.print(Screen.java:25) ~[classes/:na]
	at br.com.pucminas.aed3.view.Screen.clearLine(Screen.java:21) ~[classes/:na]
	at br.com.pucminas.aed3.view.Screen.print(Screen.java:25) ~[classes/:na]
	at br.com.pucminas.aed3.view.Screen.clearLine(Screen.java:21) ~[classes/:na]
	at br.com.pucminas.aed3.view.Screen.print(Screen.java:25) ~[classes/:na]
	at br.com.pucminas.aed3.view.Screen.clearLine(Screen.java:21) ~[classes/:na]
	at br.com.pucminas.aed3.view.Screen.print(Screen.java:25) ~[classes/:na]
	at br.com.pucminas.aed3.view.Screen.clearLine(Screen.java:21) ~[classes/:na]
	at br.com.pucminas.aed3.view.Screen.print(Screen.java:25) ~[classes/:na]
	at br.com.pucminas.aed3.view.Screen.clearLine(Screen.java:21) ~[classes/:na]
	at br.com.pucminas.aed3.view.Screen.print(Screen.java:25) ~[classes/:na]
	at br.com.pucminas.aed3.view.Screen.clearLine(Screen.java:21) ~[classes/:na]
	at br.com.pucminas.aed3.view.Screen.print(Screen.java:25) ~[classes/:na]
	at br.com.pucminas.aed3.view.Screen.clearLine(Screen.java:21) ~[classes/:na]
	at br.com.pucminas.aed3.view.Screen.print(Screen.java:25) ~[classes/:na]
	at br.com.pucminas.aed3.view.Screen.clearLine(Screen.java:21) ~[classes/:na]
	at br.com.pucminas.aed3.view.Screen.print(Screen.java:25) ~[classes/:na]
	at br.com.pucminas.aed3.view.Screen.clearLine(Screen.java:21) ~[classes/:na]
	at br.com.pucminas.aed3.view.Screen.print(Screen.java:25) ~[classes/:na]
	at br.com.pucminas.aed3.view.Screen.clearLine(Screen.java:21) ~[classes/:na]
	at br.com.pucminas.aed3.view.Screen.print(Screen.java:25) ~[classes/:na]
	at br.com.pucminas.aed3.view.Screen.clearLine(Screen.java:21) ~[classes/:na]
	at br.com.pucminas.aed3.view.Screen.print(Screen.java:25) ~[classes/:na]
	at br.com.pucminas.aed3.view.Screen.clearLine(Screen.java:21) ~[classes/:na]
	at br.com.pucminas.aed3.view.Screen.print(Screen.java:25) ~[classes/:na]
	at br.com.pucminas.aed3.view.Screen.clearLine(Screen.java:21) ~[classes/:na]
	at br.com.pucminas.aed3.view.Screen.print(Screen.java:25) ~[classes/:na]
	at br.com.pucminas.aed3.view.Screen.clearLine(Screen.java:21) ~[classes/:na]
	at br.com.pucminas.aed3.view.Screen.print(Screen.java:25) ~[classes/:na]
	at br.com.pucminas.aed3.view.Screen.clearLine(Screen.java:21) ~[classes/:na]
	at br.com.pucminas.aed3.view.Screen.print(Screen.java:25) ~[classes/:na]
	at br.com.pucminas.aed3.view.Screen.clearLine(Screen.java:21) ~[classes/:na]
	at br.com.pucminas.aed3.view.Screen.print(Screen.java:25) ~[classes/:na]
	at br.com.pucminas.aed3.view.Screen.clearLine(Screen.java:21) ~[classes/:na]
	at br.com.pucminas.aed3.view.Screen.print(Screen.java:25) ~[classes/:na]
	at br.com.pucminas.aed3.view.Screen.clearLine(Screen.java:21) ~[classes/:na]
	at br.com.pucminas.aed3.view.Screen.print(Screen.java:25) ~[classes/:na]
	at br.com.pucminas.aed3.view.Screen.clearLine(Screen.java:21) ~[classes/:na]
	at br.com.pucminas.aed3.view.Screen.print(Screen.java:25) ~[classes/:na]
	at br.com.pucminas.aed3.view.Screen.clearLine(Screen.java:21) ~[classes/:na]
	at br.com.pucminas.aed3.view.Screen.print(Screen.java:25) ~[classes/:na]
	at br.com.pucminas.aed3.view.Screen.clearLine(Screen.java:21) ~[classes/:na]
	at br.com.pucminas.aed3.view.Screen.print(Screen.java:25) ~[classes/:na]
	at br.com.pucminas.aed3.view.Screen.clearLine(Screen.java:21) ~[classes/:na]
	at br.com.pucminas.aed3.view.Screen.print(Screen.java:25) ~[classes/:na]
	at br.com.pucminas.aed3.view.Screen.clearLine(Screen.java:21) ~[classes/:na]
	at br.com.pucminas.aed3.view.Screen.print(Screen.java:25) ~[classes/:na]
	at br.com.pucminas.aed3.view.Screen.clearLine(Screen.java:21) ~[classes/:na]
	at br.com.pucminas.aed3.view.Screen.print(Screen.java:25) ~[classes/:na]
	at br.com.pucminas.aed3.view.Screen.clearLine(Screen.java:21) ~[classes/:na]
	at br.com.pucminas.aed3.view.Screen.print(Screen.java:25) ~[classes/:na]
	at br.com.pucminas.aed3.view.Screen.clearLine(Screen.java:21) ~[classes/:na]
	at br.com.pucminas.aed3.view.Screen.print(Screen.java:25) ~[classes/:na]
	at br.com.pucminas.aed3.view.Screen.clearLine(Screen.java:21) ~[classes/:na]
	at br.com.pucminas.aed3.view.Screen.print(Screen.java:25) ~[classes/:na]
	at br.com.pucminas.aed3.view.Screen.clearLine(Screen.java:21) ~[classes/:na]
	at br.com.pucminas.aed3.view.Screen.print(Screen.java:25) ~[classes/:na]
	at br.com.pucminas.aed3.view.Screen.clearLine(Screen.java:21) ~[classes/:na]
	at br.com.pucminas.aed3.view.Screen.print(Screen.java:25) ~[classes/:na]
	at br.com.pucminas.aed3.view.Screen.clearLine(Screen.java:21) ~[classes/:na]
	at br.com.pucminas.aed3.view.Screen.print(Screen.java:25) ~[classes/:na]
	at br.com.pucminas.aed3.view.Screen.clearLine(Screen.java:21) ~[classes/:na]
	at br.com.pucminas.aed3.view.Screen.print(Screen.java:25) ~[classes/:na]
	at br.com.pucminas.aed3.view.Screen.clearLine(Screen.java:21) ~[classes/:na]
	at br.com.pucminas.aed3.view.Screen.print(Screen.java:25) ~[classes/:na]
	at br.com.pucminas.aed3.view.Screen.clearLine(Screen.java:21) ~[classes/:na]
	at br.com.pucminas.aed3.view.Screen.print(Screen.java:25) ~[classes/:na]
	at br.com.pucminas.aed3.view.Screen.clearLine(Screen.java:21) ~[classes/:na]
	at br.com.pucminas.aed3.view.Screen.print(Screen.java:25) ~[classes/:na]
	at br.com.pucminas.aed3.view.Screen.clearLine(Screen.java:21) ~[classes/:na]
	at br.com.pucminas.aed3.view.Screen.print(Screen.java:25) ~[classes/:na]
	at br.com.pucminas.aed3.view.Screen.clearLine(Screen.java:21) ~[classes/:na]
	at br.com.pucminas.aed3.view.Screen.print(Screen.java:25) ~[classes/:na]
	at br.com.pucminas.aed3.view.Screen.clearLine(Screen.java:21) ~[classes/:na]
	at br.com.pucminas.aed3.view.Screen.print(Screen.java:25) ~[classes/:na]
	at br.com.pucminas.aed3.view.Screen.clearLine(Screen.java:21) ~[classes/:na]
	at br.com.pucminas.aed3.view.Screen.print(Screen.java:25) ~[classes/:na]
	at br.com.pucminas.aed3.view.Screen.clearLine(Screen.java:21) ~[classes/:na]
	at br.com.pucminas.aed3.view.Screen.print(Screen.java:25) ~[classes/:na]
	at br.com.pucminas.aed3.view.Screen.clearLine(Screen.java:21) ~[classes/:na]
	at br.com.pucminas.aed3.view.Screen.print(Screen.java:25) ~[classes/:na]
	at br.com.pucminas.aed3.view.Screen.clearLine(Screen.java:21) ~[classes/:na]
	at br.com.pucminas.aed3.view.Screen.print(Screen.java:25) ~[classes/:na]
	at br.com.pucminas.aed3.view.Screen.clearLine(Screen.java:21) ~[classes/:na]
	at br.com.pucminas.aed3.view.Screen.print(Screen.java:25) ~[classes/:na]
	at br.com.pucminas.aed3.view.Screen.clearLine(Screen.java:21) ~[classes/:na]
	at br.com.pucminas.aed3.view.Screen.print(Screen.java:25) ~[classes/:na]
	at br.com.pucminas.aed3.view.Screen.clearLine(Screen.java:21) ~[classes/:na]
	at br.com.pucminas.aed3.view.Screen.print(Screen.java:25) ~[classes/:na]
	at br.com.pucminas.aed3.view.Screen.clearLine(Screen.java:21) ~[classes/:na]
	at br.com.pucminas.aed3.view.Screen.print(Screen.java:25) ~[classes/:na]
	at br.com.pucminas.aed3.view.Screen.clearLine(Screen.java:21) ~[classes/:na]
	at br.com.pucminas.aed3.view.Screen.print(Screen.java:25) ~[classes/:na]
	at br.com.pucminas.aed3.view.Screen.clearLine(Screen.java:21) ~[classes/:na]
	at br.com.pucminas.aed3.view.Screen.print(Screen.java:25) ~[classes/:na]
	at br.com.pucminas.aed3.view.Screen.clearLine(Screen.java:21) ~[classes/:na]
	at br.com.pucminas.aed3.view.Screen.print(Screen.java:25) ~[classes/:na]
	at br.com.pucminas.aed3.view.Screen.clearLine(Screen.java:21) ~[classes/:na]
	at br.com.pucminas.aed3.view.Screen.print(Screen.java:25) ~[classes/:na]
	at br.com.pucminas.aed3.view.Screen.clearLine(Screen.java:21) ~[classes/:na]
	at br.com.pucminas.aed3.view.Screen.print(Screen.java:25) ~[classes/:na]
	at br.com.pucminas.aed3.view.Screen.clearLine(Screen.java:21) ~[classes/:na]
	at br.com.pucminas.aed3.view.Screen.print(Screen.java:25) ~[classes/:na]
	at br.com.pucminas.aed3.view.Screen.clearLine(Screen.java:21) ~[classes/:na]
	at br.com.pucminas.aed3.view.Screen.print(Screen.java:25) ~[classes/:na]
	at br.com.pucminas.aed3.view.Screen.clearLine(Screen.java:21) ~[classes/:na]
	at br.com.pucminas.aed3.view.Screen.print(Screen.java:25) ~[classes/:na]
	at br.com.pucminas.aed3.view.Screen.clearLine(Screen.java:21) ~[classes/:na]
	at br.com.pucminas.aed3.view.Screen.print(Screen.java:25) ~[classes/:na]
	at br.com.pucminas.aed3.view.Screen.clearLine(Screen.java:21) ~[classes/:na]
	at br.com.pucminas.aed3.view.Screen.print(Screen.java:25) ~[classes/:na]
	at br.com.pucminas.aed3.view.Screen.clearLine(Screen.java:21) ~[classes/:na]
	at br.com.pucminas.aed3.view.Screen.print(Screen.java:25) ~[classes/:na]
	at br.com.pucminas.aed3.view.Screen.clearLine(Screen.java:21) ~[classes/:na]
	at br.com.pucminas.aed3.view.Screen.print(Screen.java:25) ~[classes/:na]
	at br.com.pucminas.aed3.view.Screen.clearLine(Screen.java:21) ~[classes/:na]
	at br.com.pucminas.aed3.view.Screen.print(Screen.java:25) ~[classes/:na]
	at br.com.pucminas.aed3.view.Screen.clearLine(Screen.java:21) ~[classes/:na]
	at br.com.pucminas.aed3.view.Screen.print(Screen.java:25) ~[classes/:na]
	at br.com.pucminas.aed3.view.Screen.clearLine(Screen.java:21) ~[classes/:na]
	at br.com.pucminas.aed3.view.Screen.print(Screen.java:25) ~[classes/:na]
	at br.com.pucminas.aed3.view.Screen.clearLine(Screen.java:21) ~[classes/:na]
	at br.com.pucminas.aed3.view.Screen.print(Screen.java:25) ~[classes/:na]
	at br.com.pucminas.aed3.view.Screen.clearLine(Screen.java:21) ~[classes/:na]
	at br.com.pucminas.aed3.view.Screen.print(Screen.java:25) ~[classes/:na]
	at br.com.pucminas.aed3.view.Screen.clearLine(Screen.java:21) ~[classes/:na]
	at br.com.pucminas.aed3.view.Screen.print(Screen.java:25) ~[classes/:na]
	at br.com.pucminas.aed3.view.Screen.clearLine(Screen.java:21) ~[classes/:na]
	at br.com.pucminas.aed3.view.Screen.print(Screen.java:25) ~[classes/:na]
	at br.com.pucminas.aed3.view.Screen.clearLine(Screen.java:21) ~[classes/:na]
	at br.com.pucminas.aed3.view.Screen.print(Screen.java:25) ~[classes/:na]
	at br.com.pucminas.aed3.view.Screen.clearLine(Screen.java:21) ~[classes/:na]
	at br.com.pucminas.aed3.view.Screen.print(Screen.java:25) ~[classes/:na]
	at br.com.pucminas.aed3.view.Screen.clearLine(Screen.java:21) ~[classes/:na]
	at br.com.pucminas.aed3.view.Screen.print(Screen.java:25) ~[classes/:na]
	at br.com.pucminas.aed3.view.Screen.clearLine(Screen.java:21) ~[classes/:na]
	at br.com.pucminas.aed3.view.Screen.print(Screen.java:25) ~[classes/:na]
	at br.com.pucminas.aed3.view.Screen.clearLine(Screen.java:21) ~[classes/:na]
	at br.com.pucminas.aed3.view.Screen.print(Screen.java:25) ~[classes/:na]
	at br.com.pucminas.aed3.view.Screen.clearLine(Screen.java:21) ~[classes/:na]
	at br.com.pucminas.aed3.view.Screen.print(Screen.java:25) ~[classes/:na]
	at br.com.pucminas.aed3.view.Screen.clearLine(Screen.java:21) ~[classes/:na]
	at br.com.pucminas.aed3.view.Screen.print(Screen.java:25) ~[classes/:na]
	at br.com.pucminas.aed3.view.Screen.clearLine(Screen.java:21) ~[classes/:na]
	at br.com.pucminas.aed3.view.Screen.print(Screen.java:25) ~[classes/:na]
	at br.com.pucminas.aed3.view.Screen.clearLine(Screen.java:21) ~[classes/:na]
	at br.com.pucminas.aed3.view.Screen.print(Screen.java:25) ~[classes/:na]
	at br.com.pucminas.aed3.view.Screen.clearLine(Screen.java:21) ~[classes/:na]
	at br.com.pucminas.aed3.view.Screen.print(Screen.java:25) ~[classes/:na]
	at br.com.pucminas.aed3.view.Screen.clearLine(Screen.java:21) ~[classes/:na]
	at br.com.pucminas.aed3.view.Screen.print(Screen.java:25) ~[classes/:na]
	at br.com.pucminas.aed3.view.Screen.clearLine(Screen.java:21) ~[classes/:na]
	at br.com.pucminas.aed3.view.Screen.print(Screen.java:25) ~[classes/:na]
	at br.com.pucminas.aed3.view.Screen.clearLine(Screen.java:21) ~[classes/:na]
	at br.com.pucminas.aed3.view.Screen.print(Screen.java:25) ~[classes/:na]
	at br.com.pucminas.aed3.view.Screen.clearLine(Screen.java:21) ~[classes/:na]
	at br.com.pucminas.aed3.view.Screen.print(Screen.java:25) ~[classes/:na]
	at br.com.pucminas.aed3.view.Screen.clearLine(Screen.java:21) ~[classes/:na]
	at br.com.pucminas.aed3.view.Screen.print(Screen.java:25) ~[classes/:na]
	at br.com.pucminas.aed3.view.Screen.clearLine(Screen.java:21) ~[classes/:na]
	at br.com.pucminas.aed3.view.Screen.print(Screen.java:25) ~[classes/:na]
	at br.com.pucminas.aed3.view.Screen.clearLine(Screen.java:21) ~[classes/:na]
	at br.com.pucminas.aed3.view.Screen.print(Screen.java:25) ~[classes/:na]
	at br.com.pucminas.aed3.view.Screen.clearLine(Screen.java:21) ~[classes/:na]
	at br.com.pucminas.aed3.view.Screen.print(Screen.java:25) ~[classes/:na]
	at br.com.pucminas.aed3.view.Screen.clearLine(Screen.java:21) ~[classes/:na]
	at br.com.pucminas.aed3.view.Screen.print(Screen.java:25) ~[classes/:na]
	at br.com.pucminas.aed3.view.Screen.clearLine(Screen.java:21) ~[classes/:na]
	at br.com.pucminas.aed3.view.Screen.print(Screen.java:25) ~[classes/:na]
	at br.com.pucminas.aed3.view.Screen.clearLine(Screen.java:21) ~[classes/:na]
	at br.com.pucminas.aed3.view.Screen.print(Screen.java:25) ~[classes/:na]
	at br.com.pucminas.aed3.view.Screen.clearLine(Screen.java:21) ~[classes/:na]
	at br.com.pucminas.aed3.view.Screen.print(Screen.java:25) ~[classes/:na]
	at br.com.pucminas.aed3.view.Screen.clearLine(Screen.java:21) ~[classes/:na]
	at br.com.pucminas.aed3.view.Screen.print(Screen.java:25) ~[classes/:na]
	at br.com.pucminas.aed3.view.Screen.clearLine(Screen.java:21) ~[classes/:na]
	at br.com.pucminas.aed3.view.Screen.print(Screen.java:25) ~[classes/:na]
	at br.com.pucminas.aed3.view.Screen.clearLine(Screen.java:21) ~[classes/:na]
	at br.com.pucminas.aed3.view.Screen.print(Screen.java:25) ~[classes/:na]
	at br.com.pucminas.aed3.view.Screen.clearLine(Screen.java:21) ~[classes/:na]
	at br.com.pucminas.aed3.view.Screen.print(Screen.java:25) ~[classes/:na]
	at br.com.pucminas.aed3.view.Screen.clearLine(Screen.java:21) ~[classes/:na]
	at br.com.pucminas.aed3.view.Screen.print(Screen.java:25) ~[classes/:na]
	at br.com.pucminas.aed3.view.Screen.clearLine(Screen.java:21) ~[classes/:na]
	at br.com.pucminas.aed3.view.Screen.print(Screen.java:25) ~[classes/:na]
	at br.com.pucminas.aed3.view.Screen.clearLine(Screen.java:21) ~[classes/:na]
	at br.com.pucminas.aed3.view.Screen.print(Screen.java:25) ~[classes/:na]
	at br.com.pucminas.aed3.view.Screen.clearLine(Screen.java:21) ~[classes/:na]
	at br.com.pucminas.aed3.view.Screen.print(Screen.java:25) ~[classes/:na]
	at br.com.pucminas.aed3.view.Screen.clearLine(Screen.java:21) ~[classes/:na]
	at br.com.pucminas.aed3.view.Screen.print(Screen.java:25) ~[classes/:na]
	at br.com.pucminas.aed3.view.Screen.clearLine(Screen.java:21) ~[classes/:na]
	at br.com.pucminas.aed3.view.Screen.print(Screen.java:25) ~[classes/:na]
	at br.com.pucminas.aed3.view.Screen.clearLine(Screen.java:21) ~[classes/:na]
	at br.com.pucminas.aed3.view.Screen.print(Screen.java:25) ~[classes/:na]
	at br.com.pucminas.aed3.view.Screen.clearLine(Screen.java:21) ~[classes/:na]
	at br.com.pucminas.aed3.view.Screen.print(Screen.java:25) ~[classes/:na]
	at br.com.pucminas.aed3.view.Screen.clearLine(Screen.java:21) ~[classes/:na]
	at br.com.pucminas.aed3.view.Screen.print(Screen.java:25) ~[classes/:na]
	at br.com.pucminas.aed3.view.Screen.clearLine(Screen.java:21) ~[classes/:na]
	at br.com.pucminas.aed3.view.Screen.print(Screen.java:25) ~[classes/:na]
	at br.com.pucminas.aed3.view.Screen.clearLine(Screen.java:21) ~[classes/:na]
	at br.com.pucminas.aed3.view.Screen.print(Screen.java:25) ~[classes/:na]
	at br.com.pucminas.aed3.view.Screen.clearLine(Screen.java:21) ~[classes/:na]
	at br.com.pucminas.aed3.view.Screen.print(Screen.java:25) ~[classes/:na]
	at br.com.pucminas.aed3.view.Screen.clearLine(Screen.java:21) ~[classes/:na]
	at br.com.pucminas.aed3.view.Screen.print(Screen.java:25) ~[classes/:na]
	at br.com.pucminas.aed3.view.Screen.clearLine(Screen.java:21) ~[classes/:na]
	at br.com.pucminas.aed3.view.Screen.print(Screen.java:25) ~[classes/:na]
	at br.com.pucminas.aed3.view.Screen.clearLine(Screen.java:21) ~[classes/:na]
	at br.com.pucminas.aed3.view.Screen.print(Screen.java:25) ~[classes/:na]
	at br.com.pucminas.aed3.view.Screen.clearLine(Screen.java:21) ~[classes/:na]
	at br.com.pucminas.aed3.view.Screen.print(Screen.java:25) ~[classes/:na]
	at br.com.pucminas.aed3.view.Screen.clearLine(Screen.java:21) ~[classes/:na]
	at br.com.pucminas.aed3.view.Screen.print(Screen.java:25) ~[classes/:na]
	at br.com.pucminas.aed3.view.Screen.clearLine(Screen.java:21) ~[classes/:na]
	at br.com.pucminas.aed3.view.Screen.print(Screen.java:25) ~[classes/:na]
	at br.com.pucminas.aed3.view.Screen.clearLine(Screen.java:21) ~[classes/:na]
	at br.com.pucminas.aed3.view.Screen.print(Screen.java:25) ~[classes/:na]
	at br.com.pucminas.aed3.view.Screen.clearLine(Screen.java:21) ~[classes/:na]
	at br.com.pucminas.aed3.view.Screen.print(Screen.java:25) ~[classes/:na]
	at br.com.pucminas.aed3.view.Screen.clearLine(Screen.java:21) ~[classes/:na]
	at br.com.pucminas.aed3.view.Screen.print(Screen.java:25) ~[classes/:na]
	at br.com.pucminas.aed3.view.Screen.clearLine(Screen.java:21) ~[classes/:na]
	at br.com.pucminas.aed3.view.Screen.print(Screen.java:25) ~[classes/:na]
	at br.com.pucminas.aed3.view.Screen.clearLine(Screen.java:21) ~[classes/:na]
	at br.com.pucminas.aed3.view.Screen.print(Screen.java:25) ~[classes/:na]
	at br.com.pucminas.aed3.view.Screen.clearLine(Screen.java:21) ~[classes/:na]
	at br.com.pucminas.aed3.view.Screen.print(Screen.java:25) ~[classes/:na]
	at br.com.pucminas.aed3.view.Screen.clearLine(Screen.java:21) ~[classes/:na]
	at br.com.pucminas.aed3.view.Screen.print(Screen.java:25) ~[classes/:na]
	at br.com.pucminas.aed3.view.Screen.clearLine(Screen.java:21) ~[classes/:na]
	at br.com.pucminas.aed3.view.Screen.print(Screen.java:25) ~[classes/:na]
	at br.com.pucminas.aed3.view.Screen.clearLine(Screen.java:21) ~[classes/:na]
	at br.com.pucminas.aed3.view.Screen.print(Screen.java:25) ~[classes/:na]
	at br.com.pucminas.aed3.view.Screen.clearLine(Screen.java:21) ~[classes/:na]
	at br.com.pucminas.aed3.view.Screen.print(Screen.java:25) ~[classes/:na]
	at br.com.pucminas.aed3.view.Screen.clearLine(Screen.java:21) ~[classes/:na]
	at br.com.pucminas.aed3.view.Screen.print(Screen.java:25) ~[classes/:na]
	at br.com.pucminas.aed3.view.Screen.clearLine(Screen.java:21) ~[classes/:na]
	at br.com.pucminas.aed3.view.Screen.print(Screen.java:25) ~[classes/:na]
	at br.com.pucminas.aed3.view.Screen.clearLine(Screen.java:21) ~[classes/:na]
	at br.com.pucminas.aed3.view.Screen.print(Screen.java:25) ~[classes/:na]
	at br.com.pucminas.aed3.view.Screen.clearLine(Screen.java:21) ~[classes/:na]
	at br.com.pucminas.aed3.view.Screen.print(Screen.java:25) ~[classes/:na]
	at br.com.pucminas.aed3.view.Screen.clearLine(Screen.java:21) ~[classes/:na]
	at br.com.pucminas.aed3.view.Screen.print(Screen.java:25) ~[classes/:na]
	at br.com.pucminas.aed3.view.Screen.clearLine(Screen.java:21) ~[classes/:na]
	at br.com.pucminas.aed3.view.Screen.print(Screen.java:25) ~[classes/:na]
	at br.com.pucminas.aed3.view.Screen.clearLine(Screen.java:21) ~[classes/:na]
	at br.com.pucminas.aed3.view.Screen.print(Screen.java:25) ~[classes/:na]
	at br.com.pucminas.aed3.view.Screen.clearLine(Screen.java:21) ~[classes/:na]
	at br.com.pucminas.aed3.view.Screen.print(Screen.java:25) ~[classes/:na]
	at br.com.pucminas.aed3.view.Screen.clearLine(Screen.java:21) ~[classes/:na]
	at br.com.pucminas.aed3.view.Screen.print(Screen.java:25) ~[classes/:na]
	at br.com.pucminas.aed3.view.Screen.clearLine(Screen.java:21) ~[classes/:na]
	at br.com.pucminas.aed3.view.Screen.print(Screen.java:25) ~[classes/:na]
	at br.com.pucminas.aed3.view.Screen.clearLine(Screen.java:21) ~[classes/:na]
	at br.com.pucminas.aed3.view.Screen.print(Screen.java:25) ~[classes/:na]
	at br.com.pucminas.aed3.view.Screen.clearLine(Screen.java:21) ~[classes/:na]
	at br.com.pucminas.aed3.view.Screen.print(Screen.java:25) ~[classes/:na]
	at br.com.pucminas.aed3.view.Screen.clearLine(Screen.java:21) ~[classes/:na]
	at br.com.pucminas.aed3.view.Screen.print(Screen.java:25) ~[classes/:na]
	at br.com.pucminas.aed3.view.Screen.clearLine(Screen.java:21) ~[classes/:na]
	at br.com.pucminas.aed3.view.Screen.print(Screen.java:25) ~[classes/:na]
	at br.com.pucminas.aed3.view.Screen.clearLine(Screen.java:21) ~[classes/:na]
	at br.com.pucminas.aed3.view.Screen.print(Screen.java:25) ~[classes/:na]
	at br.com.pucminas.aed3.view.Screen.clearLine(Screen.java:21) ~[classes/:na]
	at br.com.pucminas.aed3.view.Screen.print(Screen.java:25) ~[classes/:na]
	at br.com.pucminas.aed3.view.Screen.clearLine(Screen.java:21) ~[classes/:na]
	at br.com.pucminas.aed3.view.Screen.print(Screen.java:25) ~[classes/:na]
	at br.com.pucminas.aed3.view.Screen.clearLine(Screen.java:21) ~[classes/:na]
	at br.com.pucminas.aed3.view.Screen.print(Screen.java:25) ~[classes/:na]
	at br.com.pucminas.aed3.view.Screen.clearLine(Screen.java:21) ~[classes/:na]
	at br.com.pucminas.aed3.view.Screen.print(Screen.java:25) ~[classes/:na]
	at br.com.pucminas.aed3.view.Screen.clearLine(Screen.java:21) ~[classes/:na]
	at br.com.pucminas.aed3.view.Screen.print(Screen.java:25) ~[classes/:na]
	at br.com.pucminas.aed3.view.Screen.clearLine(Screen.java:21) ~[classes/:na]
	at br.com.pucminas.aed3.view.Screen.print(Screen.java:25) ~[classes/:na]
	at br.com.pucminas.aed3.view.Screen.clearLine(Screen.java:21) ~[classes/:na]
	at br.com.pucminas.aed3.view.Screen.print(Screen.java:25) ~[classes/:na]
	at br.com.pucminas.aed3.view.Screen.clearLine(Screen.java:21) ~[classes/:na]
	at br.com.pucminas.aed3.view.Screen.print(Screen.java:25) ~[classes/:na]
	at br.com.pucminas.aed3.view.Screen.clearLine(Screen.java:21) ~[classes/:na]
	at br.com.pucminas.aed3.view.Screen.print(Screen.java:25) ~[classes/:na]
	at br.com.pucminas.aed3.view.Screen.clearLine(Screen.java:21) ~[classes/:na]
	at br.com.pucminas.aed3.view.Screen.print(Screen.java:25) ~[classes/:na]
	at br.com.pucminas.aed3.view.Screen.clearLine(Screen.java:21) ~[classes/:na]
	at br.com.pucminas.aed3.view.Screen.print(Screen.java:25) ~[classes/:na]
	at br.com.pucminas.aed3.view.Screen.clearLine(Screen.java:21) ~[classes/:na]
	at br.com.pucminas.aed3.view.Screen.print(Screen.java:25) ~[classes/:na]
	at br.com.pucminas.aed3.view.Screen.clearLine(Screen.java:21) ~[classes/:na]
	at br.com.pucminas.aed3.view.Screen.print(Screen.java:25) ~[classes/:na]
	at br.com.pucminas.aed3.view.Screen.clearLine(Screen.java:21) ~[classes/:na]
	at br.com.pucminas.aed3.view.Screen.print(Screen.java:25) ~[classes/:na]
	at br.com.pucminas.aed3.view.Screen.clearLine(Screen.java:21) ~[classes/:na]
	at br.com.pucminas.aed3.view.Screen.print(Screen.java:25) ~[classes/:na]
	at br.com.pucminas.aed3.view.Screen.clearLine(Screen.java:21) ~[classes/:na]
	at br.com.pucminas.aed3.view.Screen.print(Screen.java:25) ~[classes/:na]
	at br.com.pucminas.aed3.view.Screen.clearLine(Screen.java:21) ~[classes/:na]
	at br.com.pucminas.aed3.view.Screen.print(Screen.java:25) ~[classes/:na]
	at br.com.pucminas.aed3.view.Screen.clearLine(Screen.java:21) ~[classes/:na]
	at br.com.pucminas.aed3.view.Screen.print(Screen.java:25) ~[classes/:na]
	at br.com.pucminas.aed3.view.Screen.clearLine(Screen.java:21) ~[classes/:na]
	at br.com.pucminas.aed3.view.Screen.print(Screen.java:25) ~[classes/:na]
	at br.com.pucminas.aed3.view.Screen.clearLine(Screen.java:21) ~[classes/:na]
	at br.com.pucminas.aed3.view.Screen.print(Screen.java:25) ~[classes/:na]
	at br.com.pucminas.aed3.view.Screen.clearLine(Screen.java:21) ~[classes/:na]
	at br.com.pucminas.aed3.view.Screen.print(Screen.java:25) ~[classes/:na]
	at br.com.pucminas.aed3.view.Screen.clearLine(Screen.java:21) ~[classes/:na]
	at br.com.pucminas.aed3.view.Screen.print(Screen.java:25) ~[classes/:na]
	at br.com.pucminas.aed3.view.Screen.clearLine(Screen.java:21) ~[classes/:na]
	at br.com.pucminas.aed3.view.Screen.print(Screen.java:25) ~[classes/:na]
	at br.com.pucminas.aed3.view.Screen.clearLine(Screen.java:21) ~[classes/:na]
	at br.com.pucminas.aed3.view.Screen.print(Screen.java:25) ~[classes/:na]
	at br.com.pucminas.aed3.view.Screen.clearLine(Screen.java:21) ~[classes/:na]
	at br.com.pucminas.aed3.view.Screen.print(Screen.java:25) ~[classes/:na]
	at br.com.pucminas.aed3.view.Screen.clearLine(Screen.java:21) ~[classes/:na]
	at br.com.pucminas.aed3.view.Screen.print(Screen.java:25) ~[classes/:na]
	at br.com.pucminas.aed3.view.Screen.clearLine(Screen.java:21) ~[classes/:na]
	at br.com.pucminas.aed3.view.Screen.print(Screen.java:25) ~[classes/:na]
	at br.com.pucminas.aed3.view.Screen.clearLine(Screen.java:21) ~[classes/:na]
	at br.com.pucminas.aed3.view.Screen.print(Screen.java:25) ~[classes/:na]
	at br.com.pucminas.aed3.view.Screen.clearLine(Screen.java:21) ~[classes/:na]
	at br.com.pucminas.aed3.view.Screen.print(Screen.java:25) ~[classes/:na]
	at br.com.pucminas.aed3.view.Screen.clearLine(Screen.java:21) ~[classes/:na]
	at br.com.pucminas.aed3.view.Screen.print(Screen.java:25) ~[classes/:na]
	at br.com.pucminas.aed3.view.Screen.clearLine(Screen.java:21) ~[classes/:na]
	at br.com.pucminas.aed3.view.Screen.print(Screen.java:25) ~[classes/:na]
	at br.com.pucminas.aed3.view.Screen.clearLine(Screen.java:21) ~[classes/:na]
	at br.com.pucminas.aed3.view.Screen.print(Screen.java:25) ~[classes/:na]
	at br.com.pucminas.aed3.view.Screen.clearLine(Screen.java:21) ~[classes/:na]
	at br.com.pucminas.aed3.view.Screen.print(Screen.java:25) ~[classes/:na]
	at br.com.pucminas.aed3.view.Screen.clearLine(Screen.java:21) ~[classes/:na]
	at br.com.pucminas.aed3.view.Screen.print(Screen.java:25) ~[classes/:na]
	at br.com.pucminas.aed3.view.Screen.clearLine(Screen.java:21) ~[classes/:na]
	at br.com.pucminas.aed3.view.Screen.print(Screen.java:25) ~[classes/:na]
	at br.com.pucminas.aed3.view.Screen.clearLine(Screen.java:21) ~[classes/:na]
	at br.com.pucminas.aed3.view.Screen.print(Screen.java:25) ~[classes/:na]
	at br.com.pucminas.aed3.view.Screen.clearLine(Screen.java:21) ~[classes/:na]
	at br.com.pucminas.aed3.view.Screen.print(Screen.java:25) ~[classes/:na]
	at br.com.pucminas.aed3.view.Screen.clearLine(Screen.java:21) ~[classes/:na]
	at br.com.pucminas.aed3.view.Screen.print(Screen.java:25) ~[classes/:na]
	at br.com.pucminas.aed3.view.Screen.clearLine(Screen.java:21) ~[classes/:na]
	at br.com.pucminas.aed3.view.Screen.print(Screen.java:25) ~[classes/:na]
	at br.com.pucminas.aed3.view.Screen.clearLine(Screen.java:21) ~[classes/:na]
	at br.com.pucminas.aed3.view.Screen.print(Screen.java:25) ~[classes/:na]
	at br.com.pucminas.aed3.view.Screen.clearLine(Screen.java:21) ~[classes/:na]
	at br.com.pucminas.aed3.view.Screen.print(Screen.java:25) ~[classes/:na]
	at br.com.pucminas.aed3.view.Screen.clearLine(Screen.java:21) ~[classes/:na]
	at br.com.pucminas.aed3.view.Screen.print(Screen.java:25) ~[classes/:na]
	at br.com.pucminas.aed3.view.Screen.clearLine(Screen.java:21) ~[classes/:na]
	at br.com.pucminas.aed3.view.Screen.print(Screen.java:25) ~[classes/:na]
	at br.com.pucminas.aed3.view.Screen.clearLine(Screen.java:21) ~[classes/:na]
	at br.com.pucminas.aed3.view.Screen.print(Screen.java:25) ~[classes/:na]
	at br.com.pucminas.aed3.view.Screen.clearLine(Screen.java:21) ~[classes/:na]
	at br.com.pucminas.aed3.view.Screen.print(Screen.java:25) ~[classes/:na]
	at br.com.pucminas.aed3.view.Screen.clearLine(Screen.java:21) ~[classes/:na]
	at br.com.pucminas.aed3.view.Screen.print(Screen.java:25) ~[classes/:na]
	at br.com.pucminas.aed3.view.Screen.clearLine(Screen.java:21) ~[classes/:na]
	at br.com.pucminas.aed3.view.Screen.print(Screen.java:25) ~[classes/:na]
	at br.com.pucminas.aed3.view.Screen.clearLine(Screen.java:21) ~[classes/:na]
	at br.com.pucminas.aed3.view.Screen.print(Screen.java:25) ~[classes/:na]
	at br.com.pucminas.aed3.view.Screen.clearLine(Screen.java:21) ~[classes/:na]
	at br.com.pucminas.aed3.view.Screen.print(Screen.java:25) ~[classes/:na]
	at br.com.pucminas.aed3.view.Screen.clearLine(Screen.java:21) ~[classes/:na]
	at br.com.pucminas.aed3.view.Screen.print(Screen.java:25) ~[classes/:na]
	at br.com.pucminas.aed3.view.Screen.clearLine(Screen.java:21) ~[classes/:na]
	at br.com.pucminas.aed3.view.Screen.print(Screen.java:25) ~[classes/:na]
	at br.com.pucminas.aed3.view.Screen.clearLine(Screen.java:21) ~[classes/:na]
	at br.com.pucminas.aed3.view.Screen.print(Screen.java:25) ~[classes/:na]
	at br.com.pucminas.aed3.view.Screen.clearLine(Screen.java:21) ~[classes/:na]
	at br.com.pucminas.aed3.view.Screen.print(Screen.java:25) ~[classes/:na]
	at br.com.pucminas.aed3.view.Screen.clearLine(Screen.java:21) ~[classes/:na]
	at br.com.pucminas.aed3.view.Screen.print(Screen.java:25) ~[classes/:na]
	at br.com.pucminas.aed3.view.Screen.clearLine(Screen.java:21) ~[classes/:na]
	at br.com.pucminas.aed3.view.Screen.print(Screen.java:25) ~[classes/:na]
	at br.com.pucminas.aed3.view.Screen.clearLine(Screen.java:21) ~[classes/:na]
	at br.com.pucminas.aed3.view.Screen.print(Screen.java:25) ~[classes/:na]
	at br.com.pucminas.aed3.view.Screen.clearLine(Screen.java:21) ~[classes/:na]
	at br.com.pucminas.aed3.view.Screen.print(Screen.java:25) ~[classes/:na]
	at br.com.pucminas.aed3.view.Screen.clearLine(Screen.java:21) ~[classes/:na]
	at br.com.pucminas.aed3.view.Screen.print(Screen.java:25) ~[classes/:na]
	at br.com.pucminas.aed3.view.Screen.clearLine(Screen.java:21) ~[classes/:na]
	at br.com.pucminas.aed3.view.Screen.print(Screen.java:25) ~[classes/:na]
	at br.com.pucminas.aed3.view.Screen.clearLine(Screen.java:21) ~[classes/:na]
	at br.com.pucminas.aed3.view.Screen.print(Screen.java:25) ~[classes/:na]
	at br.com.pucminas.aed3.view.Screen.clearLine(Screen.java:21) ~[classes/:na]
[...]
	at br.com.pucminas.aed3.view.Screen.clearLine(Screen.java:21) ~[classes/:na]
	at br.com.pucminas.aed3.view.Screen.print(Screen.java:25) ~[classes/:na]
	at br.com.pucminas.aed3.view.Screen.clearLine(Screen.java:21) ~[classes/:na]
	at br.com.pucminas.aed3.view.Screen.print(Screen.java:25) ~[classes/:na]
	at br.com.pucminas.aed3.view.Screen.clearLine(Screen.java:21) ~[classes/:na]
	at br.com.pucminas.aed3.view.Screen.print(Screen.java:25) ~[classes/:na]
	at br.com.pucminas.aed3.view.Screen.clearLine(Screen.java:21) ~[classes/:na]
	at br.com.pucminas.aed3.view.Screen.print(Screen.java:25) ~[classes/:na]
	at br.com.pucminas.aed3.view.Screen.clearLine(Screen.java:21) ~[classes/:na]
	at br.com.pucminas.aed3.view.Screen.print(Screen.java:25) ~[classes/:na]
	at br.com.pucminas.aed3.view.Screen.clearLine(Screen.java:21) ~[classes/:na]
	at br.com.pucminas.aed3.view.Screen.print(Screen.java:25) ~[classes/:na]
	at br.com.pucminas.aed3.view.Screen.clearLine(Screen.java:21) ~[classes/:na]
	at br.com.pucminas.aed3.view.Screen.print(Screen.java:25) ~[classes/:na]
	at br.com.pucminas.aed3.view.Screen.clearLine(Screen.java:21) ~[classes/:na]
	at br.com.pucminas.aed3.view.Screen.print(Screen.java:25) ~[classes/:na]
	at br.com.pucminas.aed3.view.Screen.clearLine(Screen.java:21) ~[classes/:na]
	at br.com.pucminas.aed3.view.Screen.print(Screen.java:25) ~[classes/:na]
	at br.com.pucminas.aed3.view.Screen.clearLine(Screen.java:21) ~[classes/:na]
	at br.com.pucminas.aed3.view.Screen.print(Screen.java:25) ~[classes/:na]
	at br.com.pucminas.aed3.view.Screen.clearLine(Screen.java:21) ~[classes/:na]
	at br.com.pucminas.aed3.view.Screen.print(Screen.java:25) ~[classes/:na]
	at br.com.pucminas.aed3.view.Screen.clearLine(Screen.java:21) ~[classes/:na]
	at br.com.pucminas.aed3.view.Screen.print(Screen.java:25) ~[classes/:na]
	at br.com.pucminas.aed3.view.Screen.clearLine(Screen.java:21) ~[classes/:na]
	at br.com.pucminas.aed3.view.Screen.print(Screen.java:25) ~[classes/:na]
	at br.com.pucminas.aed3.view.Screen.clearLine(Screen.java:21) ~[classes/:na]
	at br.com.pucminas.aed3.view.Screen.print(Screen.java:25) ~[classes/:na]
	at br.com.pucminas.aed3.view.Screen.clearLine(Screen.java:21) ~[classes/:na]
	at br.com.pucminas.aed3.view.Screen.print(Screen.java:25) ~[classes/:na]
	at br.com.pucminas.aed3.view.Screen.clearLine(Screen.java:21) ~[classes/:na]
	at br.com.pucminas.aed3.view.Screen.print(Screen.java:25) ~[classes/:na]
	at br.com.pucminas.aed3.view.Screen.clearLine(Screen.java:21) ~[classes/:na]
	at br.com.pucminas.aed3.view.Screen.print(Screen.java:25) ~[classes/:na]
	at br.com.pucminas.aed3.view.Screen.clearLine(Screen.java:21) ~[classes/:na]
	at br.com.pucminas.aed3.view.Screen.print(Screen.java:25) ~[classes/:na]
	at br.com.pucminas.aed3.view.Screen.clearLine(Screen.java:21) ~[classes/:na]
	at br.com.pucminas.aed3.view.Screen.print(Screen.java:25) ~[classes/:na]
	at br.com.pucminas.aed3.view.Screen.clearLine(Screen.java:21) ~[classes/:na]
	at br.com.pucminas.aed3.view.Screen.print(Screen.java:25) ~[classes/:na]
	at br.com.pucminas.aed3.view.Screen.clearLine(Screen.java:21) ~[classes/:na]
	at br.com.pucminas.aed3.view.Screen.print(Screen.java:25) ~[classes/:na]
	at br.com.pucminas.aed3.view.Screen.clearLine(Screen.java:21) ~[classes/:na]
	at br.com.pucminas.aed3.view.Screen.print(Screen.java:25) ~[classes/:na]
	at br.com.pucminas.aed3.view.Screen.clearLine(Screen.java:21) ~[classes/:na]
	at br.com.pucminas.aed3.view.Screen.print(Screen.java:25) ~[classes/:na]
	at br.com.pucminas.aed3.view.Screen.clearLine(Screen.java:21) ~[classes/:na]
	at br.com.pucminas.aed3.view.Screen.print(Screen.java:25) ~[classes/:na]
	at br.com.pucminas.aed3.view.Screen.clearLine(Screen.java:21) ~[classes/:na]
	at br.com.pucminas.aed3.view.Screen.print(Screen.java:25) ~[classes/:na]
	at br.com.pucminas.aed3.view.Screen.clearLine(Screen.java:21) ~[classes/:na]
	at br.com.pucminas.aed3.view.Screen.print(Screen.java:25) ~[classes/:na]
	at br.com.pucminas.aed3.view.Screen.clearLine(Screen.java:21) ~[classes/:na]
	at br.com.pucminas.aed3.view.Screen.print(Screen.java:25) ~[classes/:na]
	at br.com.pucminas.aed3.view.Screen.clearLine(Screen.java:21) ~[classes/:na]
	at br.com.pucminas.aed3.view.Screen.print(Screen.java:25) ~[classes/:na]
	at br.com.pucminas.aed3.view.Screen.clearLine(Screen.java:21) ~[classes/:na]
	at br.com.pucminas.aed3.view.Screen.print(Screen.java:25) ~[classes/:na]
	at br.com.pucminas.aed3.view.Screen.clearLine(Screen.java:21) ~[classes/:na]
	at br.com.pucminas.aed3.view.Screen.print(Screen.java:25) ~[classes/:na]
	at br.com.pucminas.aed3.view.Screen.clearLine(Screen.java:21) ~[classes/:na]
	at br.com.pucminas.aed3.view.Screen.print(Screen.java:25) ~[classes/:na]
	at br.com.pucminas.aed3.view.Screen.clearLine(Screen.java:21) ~[classes/:na]
	at br.com.pucminas.aed3.view.Screen.print(Screen.java:25) ~[classes/:na]
	at br.com.pucminas.aed3.view.Screen.clearLine(Screen.java:21) ~[classes/:na]
	at br.com.pucminas.aed3.view.Screen.print(Screen.java:25) ~[classes/:na]
	at br.com.pucminas.aed3.view.Screen.clearLine(Screen.java:21) ~[classes/:na]
	at br.com.pucminas.aed3.view.Screen.print(Screen.java:25) ~[classes/:na]
	at br.com.pucminas.aed3.view.Screen.clearLine(Screen.java:21) ~[classes/:na]
	at br.com.pucminas.aed3.view.Screen.print(Screen.java:25) ~[classes/:na]
	at br.com.pucminas.aed3.view.Screen.clearLine(Screen.java:21) ~[classes/:na]
	at br.com.pucminas.aed3.view.Screen.print(Screen.java:25) ~[classes/:na]
	at br.com.pucminas.aed3.view.Screen.clearLine(Screen.java:21) ~[classes/:na]
	at br.com.pucminas.aed3.view.Screen.print(Screen.java:25) ~[classes/:na]
	at br.com.pucminas.aed3.view.Screen.clearLine(Screen.java:21) ~[classes/:na]
	at br.com.pucminas.aed3.view.Screen.print(Screen.java:25) ~[classes/:na]
	at br.com.pucminas.aed3.view.Screen.clearLine(Screen.java:21) ~[classes/:na]
	at br.com.pucminas.aed3.view.Screen.print(Screen.java:25) ~[classes/:na]
	at br.com.pucminas.aed3.view.Screen.clearLine(Screen.java:21) ~[classes/:na]
	at br.com.pucminas.aed3.view.Screen.print(Screen.java:25) ~[classes/:na]
	at br.com.pucminas.aed3.view.Screen.clearLine(Screen.java:21) ~[classes/:na]
	at br.com.pucminas.aed3.view.Screen.print(Screen.java:25) ~[classes/:na]
	at br.com.pucminas.aed3.view.Screen.clearLine(Screen.java:21) ~[classes/:na]
	at br.com.pucminas.aed3.view.Screen.print(Screen.java:25) ~[classes/:na]
	at br.com.pucminas.aed3.view.Screen.clearLine(Screen.java:21) ~[classes/:na]
	at br.com.pucminas.aed3.view.Screen.print(Screen.java:25) ~[classes/:na]
	at br.com.pucminas.aed3.view.Screen.clearLine(Screen.java:21) ~[classes/:na]
	at br.com.pucminas.aed3.view.Screen.print(Screen.java:25) ~[classes/:na]
	at br.com.pucminas.aed3.view.Screen.clearLine(Screen.java:21) ~[classes/:na]
	at br.com.pucminas.aed3.view.Screen.print(Screen.java:25) ~[classes/:na]
	at br.com.pucminas.aed3.view.Screen.clearLine(Screen.java:21) ~[classes/:na]
	at br.com.pucminas.aed3.view.Screen.print(Screen.java:25) ~[classes/:na]
	at br.com.pucminas.aed3.view.Screen.clearLine(Screen.java:21) ~[classes/:na]
	at br.com.pucminas.aed3.view.Screen.print(Screen.java:25) ~[classes/:na]
	at br.com.pucminas.aed3.view.Screen.clearLine(Screen.java:21) ~[classes/:na]
	at br.com.pucminas.aed3.view.Screen.print(Screen.java:25) ~[classes/:na]
	at br.com.pucminas.aed3.view.Screen.clearLine(Screen.java:21) ~[classes/:na]
	at br.com.pucminas.aed3.view.Screen.print(Screen.java:25) ~[classes/:na]
	at br.com.pucminas.aed3.view.Screen.clearLine(Screen.java:21) ~[classes/:na]
	at br.com.pucminas.aed3.view.Screen.print(Screen.java:25) ~[classes/:na]
	at br.com.pucminas.aed3.view.Screen.clearLine(Screen.java:21) ~[classes/:na]
	at br.com.pucminas.aed3.view.Screen.print(Screen.java:25) ~[classes/:na]
	at br.com.pucminas.aed3.view.Screen.clearLine(Screen.java:21) ~[classes/:na]
	at br.com.pucminas.aed3.view.Screen.print(Screen.java:25) ~[classes/:na]
	at br.com.pucminas.aed3.view.Screen.clearLine(Screen.java:21) ~[classes/:na]
	at br.com.pucminas.aed3.view.Screen.print(Screen.java:25) ~[classes/:na]
	at br.com.pucminas.aed3.view.Screen.clearLine(Screen.java:21) ~[classes/:na]
	at br.com.pucminas.aed3.view.Screen.print(Screen.java:25) ~[classes/:na]
	at br.com.pucminas.aed3.view.Screen.clearLine(Screen.java:21) ~[classes/:na]
	at br.com.pucminas.aed3.view.Screen.print(Screen.java:25) ~[classes/:na]
	at br.com.pucminas.aed3.view.Screen.clearLine(Screen.java:21) ~[classes/:na]
	at br.com.pucminas.aed3.view.Screen.print(Screen.java:25) ~[classes/:na]
	at br.com.pucminas.aed3.view.Screen.clearLine(Screen.java:21) ~[classes/:na]
	at br.com.pucminas.aed3.view.Screen.print(Screen.java:25) ~[classes/:na]
	at br.com.pucminas.aed3.view.Screen.clearLine(Screen.java:21) ~[classes/:na]
	at br.com.pucminas.aed3.view.Screen.print(Screen.java:25) ~[classes/:na]
	at br.com.pucminas.aed3.view.Screen.clearLine(Screen.java:21) ~[classes/:na]
	at br.com.pucminas.aed3.view.Screen.print(Screen.java:25) ~[classes/:na]
	at br.com.pucminas.aed3.view.Screen.clearLine(Screen.java:21) ~[classes/:na]
	at br.com.pucminas.aed3.view.Screen.print(Screen.java:25) ~[classes/:na]
	at br.com.pucminas.aed3.view.Screen.clearLine(Screen.java:21) ~[classes/:na]
	at br.com.pucminas.aed3.view.Screen.print(Screen.java:25) ~[classes/:na]
	at br.com.pucminas.aed3.view.Screen.clearLine(Screen.java:21) ~[classes/:na]
	at br.com.pucminas.aed3.view.Screen.print(Screen.java:25) ~[classes/:na]
	at br.com.pucminas.aed3.view.Screen.clearLine(Screen.java:21) ~[classes/:na]
	at br.com.pucminas.aed3.view.Screen.print(Screen.java:25) ~[classes/:na]
	at br.com.pucminas.aed3.view.Screen.clearLine(Screen.java:21) ~[classes/:na]
	at br.com.pucminas.aed3.view.Screen.print(Screen.java:25) ~[classes/:na]
	at br.com.pucminas.aed3.view.Screen.clearLine(Screen.java:21) ~[classes/:na]
	at br.com.pucminas.aed3.view.Screen.print(Screen.java:25) ~[classes/:na]
	at br.com.pucminas.aed3.view.Screen.clearLine(Screen.java:21) ~[classes/:na]
	at br.com.pucminas.aed3.view.Screen.print(Screen.java:25) ~[classes/:na]
	at br.com.pucminas.aed3.view.Screen.clearLine(Screen.java:21) ~[classes/:na]
	at br.com.pucminas.aed3.view.Screen.print(Screen.java:25) ~[classes/:na]
	at br.com.pucminas.aed3.view.Screen.clearLine(Screen.java:21) ~[classes/:na]
	at br.com.pucminas.aed3.view.Screen.print(Screen.java:25) ~[classes/:na]
	at br.com.pucminas.aed3.view.Screen.clearLine(Screen.java:21) ~[classes/:na]
	at br.com.pucminas.aed3.view.Screen.print(Screen.java:25) ~[classes/:na]
	at br.com.pucminas.aed3.view.Screen.clearLine(Screen.java:21) ~[classes/:na]
	at br.com.pucminas.aed3.view.Screen.print(Screen.java:25) ~[classes/:na]
	at br.com.pucminas.aed3.view.Screen.clearLine(Screen.java:21) ~[classes/:na]
	at br.com.pucminas.aed3.view.Screen.print(Screen.java:25) ~[classes/:na]
	at br.com.pucminas.aed3.view.Screen.clearLine(Screen.java:21) ~[classes/:na]
	at br.com.pucminas.aed3.view.Screen.print(Screen.java:25) ~[classes/:na]
	at br.com.pucminas.aed3.view.Screen.clearLine(Screen.java:21) ~[classes/:na]
	at br.com.pucminas.aed3.view.Screen.print(Screen.java:25) ~[classes/:na]
	at br.com.pucminas.aed3.view.Screen.clearLine(Screen.java:21) ~[classes/:na]
	at br.com.pucminas.aed3.view.Screen.print(Screen.java:25) ~[classes/:na]
	at br.com.pucminas.aed3.view.Screen.clearLine(Screen.java:21) ~[classes/:na]
	at br.com.pucminas.aed3.view.Screen.print(Screen.java:25) ~[classes/:na]
	at br.com.pucminas.aed3.view.Screen.clearLine(Screen.java:21) ~[classes/:na]
	at br.com.pucminas.aed3.view.Screen.print(Screen.java:25) ~[classes/:na]
	at br.com.pucminas.aed3.view.Screen.clearLine(Screen.java:21) ~[classes/:na]
	at br.com.pucminas.aed3.view.Screen.print(Screen.java:25) ~[classes/:na]
	at br.com.pucminas.aed3.view.Screen.clearLine(Screen.java:21) ~[classes/:na]
	at br.com.pucminas.aed3.view.Screen.print(Screen.java:25) ~[classes/:na]
	at br.com.pucminas.aed3.view.Screen.clearLine(Screen.java:21) ~[classes/:na]
	at br.com.pucminas.aed3.view.Screen.print(Screen.java:25) ~[classes/:na]
	at br.com.pucminas.aed3.view.Screen.clearLine(Screen.java:21) ~[classes/:na]
	at br.com.pucminas.aed3.view.Screen.print(Screen.java:25) ~[classes/:na]
	at br.com.pucminas.aed3.view.Screen.clearLine(Screen.java:21) ~[classes/:na]
	at br.com.pucminas.aed3.view.Screen.print(Screen.java:25) ~[classes/:na]
	at br.com.pucminas.aed3.view.Screen.clearLine(Screen.java:21) ~[classes/:na]
	at br.com.pucminas.aed3.view.Screen.print(Screen.java:25) ~[classes/:na]
	at br.com.pucminas.aed3.view.Screen.clearLine(Screen.java:21) ~[classes/:na]
	at br.com.pucminas.aed3.view.Screen.print(Screen.java:25) ~[classes/:na]
	at br.com.pucminas.aed3.view.Screen.clearLine(Screen.java:21) ~[classes/:na]
	at br.com.pucminas.aed3.view.Screen.print(Screen.java:25) ~[classes/:na]
	at br.com.pucminas.aed3.view.Screen.clearLine(Screen.java:21) ~[classes/:na]
	at br.com.pucminas.aed3.view.Screen.print(Screen.java:25) ~[classes/:na]
	at br.com.pucminas.aed3.view.Screen.clearLine(Screen.java:21) ~[classes/:na]
	at br.com.pucminas.aed3.view.Screen.print(Screen.java:25) ~[classes/:na]
	at br.com.pucminas.aed3.view.Screen.clearLine(Screen.java:21) ~[classes/:na]
	at br.com.pucminas.aed3.view.Screen.print(Screen.java:25) ~[classes/:na]
	at br.com.pucminas.aed3.view.Screen.clearLine(Screen.java:21) ~[classes/:na]
	at br.com.pucminas.aed3.view.Screen.print(Screen.java:25) ~[classes/:na]
	at br.com.pucminas.aed3.view.Screen.clearLine(Screen.java:21) ~[classes/:na]
	at br.com.pucminas.aed3.view.Screen.print(Screen.java:25) ~[classes/:na]
	at br.com.pucminas.aed3.view.Screen.clearLine(Screen.java:21) ~[classes/:na]
	at br.com.pucminas.aed3.view.Screen.print(Screen.java:25) ~[classes/:na]
	at br.com.pucminas.aed3.view.Screen.clearLine(Screen.java:21) ~[classes/:na]
	at br.com.pucminas.aed3.view.Screen.print(Screen.java:25) ~[classes/:na]
	at br.com.pucminas.aed3.view.Screen.clearLine(Screen.java:21) ~[classes/:na]
	at br.com.pucminas.aed3.view.Screen.print(Screen.java:25) ~[classes/:na]
	at br.com.pucminas.aed3.view.Screen.clearLine(Screen.java:21) ~[classes/:na]
	at br.com.pucminas.aed3.view.Screen.print(Screen.java:25) ~[classes/:na]
	at br.com.pucminas.aed3.view.Screen.clearLine(Screen.java:21) ~[classes/:na]
	at br.com.pucminas.aed3.view.Screen.print(Screen.java:25) ~[classes/:na]
	at br.com.pucminas.aed3.view.Screen.clearLine(Screen.java:21) ~[classes/:na]
	at br.com.pucminas.aed3.view.Screen.print(Screen.java:25) ~[classes/:na]
	at br.com.pucminas.aed3.view.Screen.clearLine(Screen.java:21) ~[classes/:na]
	at br.com.pucminas.aed3.view.Screen.print(Screen.java:25) ~[classes/:na]
	at br.com.pucminas.aed3.view.Screen.clearLine(Screen.java:21) ~[classes/:na]
	at br.com.pucminas.aed3.view.Screen.print(Screen.java:25) ~[classes/:na]
	at br.com.pucminas.aed3.view.Screen.clearLine(Screen.java:21) ~[classes/:na]
	at br.com.pucminas.aed3.view.Screen.print(Screen.java:25) ~[classes/:na]
	at br.com.pucminas.aed3.view.Screen.clearLine(Screen.java:21) ~[classes/:na]
	at br.com.pucminas.aed3.view.Screen.print(Screen.java:25) ~[classes/:na]
	at br.com.pucminas.aed3.view.Screen.clearLine(Screen.java:21) ~[classes/:na]
	at br.com.pucminas.aed3.view.Screen.print(Screen.java:25) ~[classes/:na]
	at br.com.pucminas.aed3.view.Screen.clearLine(Screen.java:21) ~[classes/:na]
	at br.com.pucminas.aed3.view.Screen.print(Screen.java:25) ~[classes/:na]
	at br.com.pucminas.aed3.view.Screen.clearLine(Screen.java:21) ~[classes/:na]
	at br.com.pucminas.aed3.view.Screen.print(Screen.java:25) ~[classes/:na]
	at br.com.pucminas.aed3.view.Screen.clearLine(Screen.java:21) ~[classes/:na]
	at br.com.pucminas.aed3.view.Screen.print(Screen.java:25) ~[classes/:na]
	at br.com.pucminas.aed3.view.Screen.clearLine(Screen.java:21) ~[classes/:na]
	at br.com.pucminas.aed3.view.Screen.print(Screen.java:25) ~[classes/:na]
	at br.com.pucminas.aed3.view.Screen.clearLine(Screen.java:21) ~[classes/:na]
	at br.com.pucminas.aed3.view.Screen.print(Screen.java:25) ~[classes/:na]
	at br.com.pucminas.aed3.view.Screen.clearLine(Screen.java:21) ~[classes/:na]
	at br.com.pucminas.aed3.view.Screen.print(Screen.java:25) ~[classes/:na]
	at br.com.pucminas.aed3.view.Screen.clearLine(Screen.java:21) ~[classes/:na]
	at br.com.pucminas.aed3.view.Screen.print(Screen.java:25) ~[classes/:na]
	at br.com.pucminas.aed3.view.Screen.clearLine(Screen.java:21) ~[classes/:na]
	at br.com.pucminas.aed3.view.Screen.print(Screen.java:25) ~[classes/:na]
	at br.com.pucminas.aed3.view.Screen.clearLine(Screen.java:21) ~[classes/:na]
	at br.com.pucminas.aed3.view.Screen.print(Screen.java:25) ~[classes/:na]
	at br.com.pucminas.aed3.view.Screen.clearLine(Screen.java:21) ~[classes/:na]
	at br.com.pucminas.aed3.view.Screen.print(Screen.java:25) ~[classes/:na]
	at br.com.pucminas.aed3.view.Screen.clearLine(Screen.java:21) ~[classes/:na]
	at br.com.pucminas.aed3.view.Screen.print(Screen.java:25) ~[classes/:na]
	at br.com.pucminas.aed3.view.Screen.clearLine(Screen.java:21) ~[classes/:na]
	at br.com.pucminas.aed3.view.Screen.print(Screen.java:25) ~[classes/:na]
	at br.com.pucminas.aed3.view.Screen.clearLine(Screen.java:21) ~[classes/:na]
	at br.com.pucminas.aed3.view.Screen.print(Screen.java:25) ~[classes/:na]
	at br.com.pucminas.aed3.view.Screen.clearLine(Screen.java:21) ~[classes/:na]
	at br.com.pucminas.aed3.view.Screen.print(Screen.java:25) ~[classes/:na]
	at br.com.pucminas.aed3.view.Screen.clearLine(Screen.java:21) ~[classes/:na]
	at br.com.pucminas.aed3.view.Screen.print(Screen.java:25) ~[classes/:na]
	at br.com.pucminas.aed3.view.Screen.clearLine(Screen.java:21) ~[classes/:na]
	at br.com.pucminas.aed3.view.Screen.print(Screen.java:25) ~[classes/:na]
	at br.com.pucminas.aed3.view.Screen.clearLine(Screen.java:21) ~[classes/:na]
	at br.com.pucminas.aed3.view.Screen.print(Screen.java:25) ~[classes/:na]
	at br.com.pucminas.aed3.view.Screen.clearLine(Screen.java:21) ~[classes/:na]
	at br.com.pucminas.aed3.view.Screen.print(Screen.java:25) ~[classes/:na]
	at br.com.pucminas.aed3.view.Screen.clearLine(Screen.java:21) ~[classes/:na]
	at br.com.pucminas.aed3.view.Screen.print(Screen.java:25) ~[classes/:na]
	at br.com.pucminas.aed3.view.Screen.clearLine(Screen.java:21) ~[classes/:na]
	at br.com.pucminas.aed3.view.Screen.print(Screen.java:25) ~[classes/:na]
	at br.com.pucminas.aed3.view.Screen.clearLine(Screen.java:21) ~[classes/:na]
	at br.com.pucminas.aed3.view.Screen.print(Screen.java:25) ~[classes/:na]
	at br.com.pucminas.aed3.view.Screen.clearLine(Screen.java:21) ~[classes/:na]
	at br.com.pucminas.aed3.view.Screen.print(Screen.java:25) ~[classes/:na]
	at br.com.pucminas.aed3.view.Screen.clearLine(Screen.java:21) ~[classes/:na]
	at br.com.pucminas.aed3.view.Screen.print(Screen.java:25) ~[classes/:na]
	at br.com.pucminas.aed3.view.Screen.clearLine(Screen.java:21) ~[classes/:na]
	at br.com.pucminas.aed3.view.Screen.print(Screen.java:25) ~[classes/:na]
	at br.com.pucminas.aed3.view.Screen.clearLine(Screen.java:21) ~[classes/:na]
	at br.com.pucminas.aed3.view.Screen.print(Screen.java:25) ~[classes/:na]
	at br.com.pucminas.aed3.view.Screen.clearLine(Screen.java:21) ~[classes/:na]
	at br.com.pucminas.aed3.view.Screen.print(Screen.java:25) ~[classes/:na]
	at br.com.pucminas.aed3.view.Screen.clearLine(Screen.java:21) ~[classes/:na]
	at br.com.pucminas.aed3.view.Screen.print(Screen.java:25) ~[classes/:na]
	at br.com.pucminas.aed3.view.Screen.clearLine(Screen.java:21) ~[classes/:na]
	at br.com.pucminas.aed3.view.Screen.print(Screen.java:25) ~[classes/:na]
	at br.com.pucminas.aed3.view.Screen.clearLine(Screen.java:21) ~[classes/:na]
	at br.com.pucminas.aed3.view.Screen.print(Screen.java:25) ~[classes/:na]
	at br.com.pucminas.aed3.view.Screen.clearLine(Screen.java:21) ~[classes/:na]
	at br.com.pucminas.aed3.view.Screen.print(Screen.java:25) ~[classes/:na]
	at br.com.pucminas.aed3.view.Screen.clearLine(Screen.java:21) ~[classes/:na]
	at br.com.pucminas.aed3.view.Screen.print(Screen.java:25) ~[classes/:na]

]]></system-out>
  </testcase>
</testsuite>